TN:
SF:src/index.ts
FN:1,(anonymous_4)
FN:16,(anonymous_5)
FN:18,(anonymous_6)
FN:21,(anonymous_7)
FN:29,(anonymous_8)
FN:53,(anonymous_9)
FN:54,(anonymous_10)
FN:55,(anonymous_11)
FN:56,(anonymous_12)
FN:57,(anonymous_13)
FN:58,(anonymous_14)
FN:59,(anonymous_15)
FN:60,(anonymous_16)
FN:66,(anonymous_17)
FN:67,(anonymous_18)
FN:68,(anonymous_19)
FN:69,(anonymous_20)
FN:74,(anonymous_21)
FNF:18
FNH:3
FNDA:85,(anonymous_4)
FNDA:4,(anonymous_5)
FNDA:4,(anonymous_6)
FNDA:0,(anonymous_7)
FNDA:0,(anonymous_8)
FNDA:0,(anonymous_9)
FNDA:0,(anonymous_10)
FNDA:0,(anonymous_11)
FNDA:0,(anonymous_12)
FNDA:0,(anonymous_13)
FNDA:0,(anonymous_14)
FNDA:0,(anonymous_15)
FNDA:0,(anonymous_16)
FNDA:0,(anonymous_17)
FNDA:0,(anonymous_18)
FNDA:0,(anonymous_19)
FNDA:0,(anonymous_20)
FNDA:0,(anonymous_21)
DA:1,86
DA:16,4
DA:18,1
DA:19,4
DA:21,1
DA:22,0
DA:29,1
DA:30,0
DA:34,1
DA:35,1
DA:36,1
DA:37,1
DA:38,1
DA:39,1
DA:40,1
DA:41,1
DA:42,1
DA:45,1
DA:46,1
DA:47,1
DA:48,1
DA:49,1
DA:52,1
DA:53,1
DA:54,1
DA:55,1
DA:56,1
DA:57,1
DA:58,1
DA:59,1
DA:60,1
DA:65,1
DA:66,1
DA:67,1
DA:68,1
DA:69,1
DA:73,1
DA:74,1
LF:38
LH:36
BRDA:19,0,0,4
BRDA:19,0,1,0
BRDA:22,1,0,0
BRDA:22,1,1,0
BRF:4
BRH:1
end_of_record
TN:
SF:src/AI/AIPluginManager.ts
FN:3,(anonymous_0)
FN:7,(anonymous_1)
FN:19,(anonymous_2)
FN:31,(anonymous_3)
FN:38,(anonymous_4)
FN:52,(anonymous_5)
FN:56,(anonymous_6)
FN:60,(anonymous_7)
FN:64,(anonymous_8)
FNF:9
FNH:3
FNDA:1,(anonymous_0)
FNDA:1,(anonymous_1)
FNDA:0,(anonymous_2)
FNDA:1,(anonymous_3)
FNDA:0,(anonymous_4)
FNDA:0,(anonymous_5)
FNDA:0,(anonymous_6)
FNDA:0,(anonymous_7)
FNDA:0,(anonymous_8)
DA:3,1
DA:4,1
DA:5,1
DA:8,1
DA:9,0
DA:11,1
DA:14,1
DA:15,1
DA:20,0
DA:21,0
DA:23,0
DA:26,0
DA:27,0
DA:32,1
DA:33,0
DA:35,1
DA:39,0
DA:40,0
DA:41,0
DA:44,0
DA:45,0
DA:46,0
DA:49,0
DA:53,0
DA:57,0
DA:61,0
DA:65,0
LF:27
LH:9
BRDA:8,0,0,0
BRDA:14,1,0,1
BRDA:20,2,0,0
BRDA:26,3,0,0
BRDA:27,4,0,0
BRDA:27,4,1,0
BRDA:27,5,0,0
BRDA:27,5,1,0
BRDA:32,6,0,0
BRDA:39,7,0,0
BRDA:39,7,1,0
BRDA:40,8,0,0
BRDA:45,9,0,0
BRF:13
BRH:1
end_of_record
TN:
SF:src/AI/plugins/BasicAIPlugin.ts
FN:10,(anonymous_7)
FN:16,(anonymous_8)
FN:40,(anonymous_10)
FN:49,(anonymous_12)
FN:61,(anonymous_13)
FN:70,(anonymous_15)
FN:82,(anonymous_16)
FN:86,(anonymous_17)
FN:97,(anonymous_18)
FN:104,(anonymous_19)
FN:116,(anonymous_20)
FN:125,(anonymous_21)
FN:173,(anonymous_22)
FN:177,(anonymous_23)
FN:186,(anonymous_24)
FN:253,(anonymous_25)
FNF:16
FNH:1
FNDA:1,(anonymous_7)
FNDA:0,(anonymous_8)
FNDA:0,(anonymous_10)
FNDA:0,(anonymous_12)
FNDA:0,(anonymous_13)
FNDA:0,(anonymous_15)
FNDA:0,(anonymous_16)
FNDA:0,(anonymous_17)
FNDA:0,(anonymous_18)
FNDA:0,(anonymous_19)
FNDA:0,(anonymous_20)
FNDA:0,(anonymous_21)
FNDA:0,(anonymous_22)
FNDA:0,(anonymous_23)
FNDA:0,(anonymous_24)
FNDA:0,(anonymous_25)
DA:5,1
DA:8,1
DA:10,1
DA:11,1
DA:12,1
DA:13,1
DA:20,0
DA:22,0
DA:23,0
DA:26,0
DA:28,0
DA:30,0
DA:32,0
DA:34,0
DA:36,0
DA:45,0
DA:46,0
DA:48,0
DA:49,0
DA:50,0
DA:52,0
DA:58,0
DA:66,0
DA:67,0
DA:69,0
DA:70,0
DA:71,0
DA:73,0
DA:79,0
DA:83,0
DA:87,0
DA:103,0
DA:104,0
DA:107,0
DA:109,0
DA:113,0
DA:120,0
DA:121,0
DA:123,0
DA:125,0
DA:126,0
DA:130,0
DA:135,0
DA:140,0
DA:143,0
DA:144,0
DA:148,0
DA:149,0
DA:153,0
DA:157,0
DA:161,0
DA:162,0
DA:166,0
DA:167,0
DA:170,0
DA:173,0
DA:174,0
DA:181,0
DA:182,0
DA:184,0
DA:186,0
DA:187,0
DA:191,0
DA:196,0
DA:201,0
DA:204,0
DA:205,0
DA:209,0
DA:211,0
DA:212,0
DA:216,0
DA:220,0
DA:224,0
DA:228,0
DA:232,0
DA:233,0
DA:237,0
DA:238,0
DA:242,0
DA:247,0
DA:250,0
DA:253,0
DA:254,0
LF:83
LH:6
BRDA:22,0,0,0
BRDA:22,1,0,0
BRDA:22,1,1,0
BRDA:28,2,0,0
BRDA:28,2,1,0
BRDA:28,2,2,0
BRDA:28,2,3,0
BRDA:46,3,0,0
BRDA:50,4,0,0
BRDA:67,5,0,0
BRDA:71,6,0,0
BRDA:107,7,0,0
BRDA:121,8,0,0
BRDA:130,9,0,0
BRDA:130,9,1,0
BRDA:135,10,0,0
BRDA:135,10,1,0
BRDA:143,11,0,0
BRDA:148,12,0,0
BRDA:148,13,0,0
BRDA:148,13,1,0
BRDA:148,14,0,0
BRDA:148,14,1,0
BRDA:153,15,0,0
BRDA:154,16,0,0
BRDA:154,16,1,0
BRDA:154,17,0,0
BRDA:154,17,1,0
BRDA:154,18,0,0
BRDA:154,18,1,0
BRDA:161,19,0,0
BRDA:161,20,0,0
BRDA:161,20,1,0
BRDA:166,21,0,0
BRDA:166,22,0,0
BRDA:166,22,1,0
BRDA:182,23,0,0
BRDA:191,24,0,0
BRDA:191,24,1,0
BRDA:196,25,0,0
BRDA:196,25,1,0
BRDA:204,26,0,0
BRDA:209,27,0,0
BRDA:209,28,0,0
BRDA:209,28,1,0
BRDA:209,29,0,0
BRDA:209,29,1,0
BRDA:211,30,0,0
BRDA:211,30,1,0
BRDA:212,31,0,0
BRDA:212,31,1,0
BRDA:216,32,0,0
BRDA:217,33,0,0
BRDA:217,33,1,0
BRDA:217,34,0,0
BRDA:217,34,1,0
BRDA:217,35,0,0
BRDA:217,35,1,0
BRDA:224,36,0,0
BRDA:225,37,0,0
BRDA:225,37,1,0
BRDA:225,38,0,0
BRDA:225,38,1,0
BRDA:225,39,0,0
BRDA:225,39,1,0
BRDA:232,40,0,0
BRDA:232,41,0,0
BRDA:232,41,1,0
BRDA:237,42,0,0
BRDA:237,43,0,0
BRDA:237,43,1,0
BRDA:237,44,0,0
BRDA:237,44,1,0
BRDA:242,45,0,0
BRDA:243,46,0,0
BRDA:243,46,1,0
BRDA:243,46,2,0
BRDA:245,47,0,0
BRDA:245,47,1,0
BRDA:245,48,0,0
BRDA:245,48,1,0
BRF:81
BRH:0
end_of_record
TN:
SF:src/AI/utils/GamePhaseDetector.ts
FN:4,(anonymous_0)
FN:14,(anonymous_1)
FN:16,(anonymous_2)
FN:32,(anonymous_3)
FN:42,(anonymous_4)
FN:48,(anonymous_5)
FN:61,(anonymous_6)
FN:91,(anonymous_7)
FN:103,(anonymous_8)
FN:123,(anonymous_9)
FN:131,(anonymous_10)
FN:138,(anonymous_11)
FNF:12
FNH:1
FNDA:1,(anonymous_0)
FNDA:0,(anonymous_1)
FNDA:0,(anonymous_2)
FNDA:0,(anonymous_3)
FNDA:0,(anonymous_4)
FNDA:0,(anonymous_5)
FNDA:0,(anonymous_6)
FNDA:0,(anonymous_7)
FNDA:0,(anonymous_8)
FNDA:0,(anonymous_9)
FNDA:0,(anonymous_10)
FNDA:0,(anonymous_11)
DA:2,1
DA:4,1
DA:5,1
DA:6,1
DA:7,1
DA:8,1
DA:9,1
DA:10,1
DA:13,1
DA:15,0
DA:16,0
DA:25,0
DA:26,0
DA:30,0
DA:33,0
DA:38,0
DA:42,0
DA:43,0
DA:47,0
DA:48,0
DA:50,0
DA:54,0
DA:55,0
DA:58,0
DA:63,0
DA:67,0
DA:68,0
DA:70,0
DA:71,0
DA:72,0
DA:73,0
DA:74,0
DA:75,0
DA:79,0
DA:80,0
DA:81,0
DA:82,0
DA:83,0
DA:84,0
DA:85,0
DA:102,0
DA:103,0
DA:112,0
DA:114,0
DA:124,0
DA:125,0
DA:132,0
DA:139,0
DA:140,0
LF:49
LH:9
BRDA:4,0,0,1
BRDA:4,0,1,1
BRDA:25,1,0,0
BRDA:30,2,0,0
BRDA:33,3,0,0
BRDA:33,3,1,0
BRDA:33,3,2,0
BRDA:42,4,0,0
BRDA:47,5,0,0
BRDA:48,6,0,0
BRDA:48,6,1,0
BRDA:54,7,0,0
BRDA:73,8,0,0
BRDA:75,9,0,0
BRDA:81,10,0,0
BRDA:81,11,0,0
BRDA:81,11,1,0
BRDA:83,12,0,0
BRDA:83,13,0,0
BRDA:83,13,1,0
BRDA:125,14,0,0
BRDA:125,14,1,0
BRDA:141,15,0,0
BRDA:141,15,1,0
BRDA:141,15,2,0
BRF:25
BRH:2
end_of_record
TN:
SF:src/AI/utils/PositionAnalyzer.ts
FN:18,(anonymous_0)
FN:24,(anonymous_1)
FN:25,(anonymous_2)
FN:34,(anonymous_3)
FN:44,(anonymous_4)
FN:49,(anonymous_5)
FN:54,(anonymous_6)
FN:61,(anonymous_7)
FN:68,(anonymous_8)
FN:80,(anonymous_9)
FN:81,(anonymous_10)
FN:101,(anonymous_11)
FN:106,(anonymous_12)
FN:122,(anonymous_13)
FN:128,(anonymous_14)
FN:129,(anonymous_15)
FN:154,(anonymous_16)
FN:158,(anonymous_17)
FN:159,(anonymous_18)
FN:171,(anonymous_19)
FN:176,(anonymous_20)
FN:180,(anonymous_21)
FN:181,(anonymous_22)
FN:192,(anonymous_23)
FN:198,(anonymous_24)
FN:205,(anonymous_25)
FN:212,(anonymous_26)
FN:219,(anonymous_27)
FNF:28
FNH:0
FNDA:0,(anonymous_0)
FNDA:0,(anonymous_1)
FNDA:0,(anonymous_2)
FNDA:0,(anonymous_3)
FNDA:0,(anonymous_4)
FNDA:0,(anonymous_5)
FNDA:0,(anonymous_6)
FNDA:0,(anonymous_7)
FNDA:0,(anonymous_8)
FNDA:0,(anonymous_9)
FNDA:0,(anonymous_10)
FNDA:0,(anonymous_11)
FNDA:0,(anonymous_12)
FNDA:0,(anonymous_13)
FNDA:0,(anonymous_14)
FNDA:0,(anonymous_15)
FNDA:0,(anonymous_16)
FNDA:0,(anonymous_17)
FNDA:0,(anonymous_18)
FNDA:0,(anonymous_19)
FNDA:0,(anonymous_20)
FNDA:0,(anonymous_21)
FNDA:0,(anonymous_22)
FNDA:0,(anonymous_23)
FNDA:0,(anonymous_24)
FNDA:0,(anonymous_25)
FNDA:0,(anonymous_26)
FNDA:0,(anonymous_27)
DA:2,1
DA:14,1
DA:19,0
DA:20,0
DA:23,0
DA:24,0
DA:25,0
DA:26,0
DA:27,0
DA:28,0
DA:33,0
DA:34,0
DA:35,0
DA:37,0
DA:45,0
DA:46,0
DA:47,0
DA:49,0
DA:50,0
DA:53,0
DA:54,0
DA:55,0
DA:56,0
DA:61,0
DA:69,0
DA:70,0
DA:71,0
DA:73,0
DA:74,0
DA:75,0
DA:76,0
DA:77,0
DA:80,0
DA:81,0
DA:82,0
DA:83,0
DA:84,0
DA:85,0
DA:86,0
DA:89,0
DA:90,0
DA:91,0
DA:92,0
DA:93,0
DA:94,0
DA:100,0
DA:101,0
DA:102,0
DA:105,0
DA:106,0
DA:108,0
DA:123,0
DA:124,0
DA:125,0
DA:128,0
DA:129,0
DA:130,0
DA:131,0
DA:136,0
DA:137,0
DA:139,0
DA:140,0
DA:141,0
DA:142,0
DA:144,0
DA:148,0
DA:155,0
DA:156,0
DA:158,0
DA:159,0
DA:160,0
DA:161,0
DA:165,0
DA:172,0
DA:173,0
DA:176,0
DA:177,0
DA:178,0
DA:180,0
DA:181,0
DA:182,0
DA:183,0
DA:184,0
DA:188,0
DA:192,0
DA:199,0
DA:206,0
DA:213,0
DA:220,0
LF:89
LH:2
BRDA:26,0,0,0
BRDA:53,1,0,0
BRDA:53,2,0,0
BRDA:53,2,1,0
BRDA:55,3,0,0
BRDA:82,4,0,0
BRDA:89,5,0,0
BRDA:89,5,1,0
BRDA:89,6,0,0
BRDA:89,6,1,0
BRDA:91,7,0,0
BRDA:91,7,1,0
BRDA:91,8,0,0
BRDA:91,8,1,0
BRDA:93,9,0,0
BRDA:93,10,0,0
BRDA:93,10,1,0
BRDA:114,11,0,0
BRDA:114,11,1,0
BRDA:130,12,0,0
BRDA:140,13,0,0
BRDA:140,13,1,0
BRDA:160,14,0,0
BRDA:182,15,0,0
BRDA:199,16,0,0
BRDA:199,16,1,0
BRDA:206,17,0,0
BRDA:206,17,1,0
BRDA:213,18,0,0
BRDA:213,18,1,0
BRDA:220,19,0,0
BRDA:220,19,1,0
BRF:32
BRH:0
end_of_record
TN:
SF:src/Board/ascii.ts
FN:10,(anonymous_0)
FN:53,(anonymous_1)
FN:76,(anonymous_2)
FN:79,(anonymous_3)
FN:82,(anonymous_4)
FN:85,(anonymous_5)
FN:148,(anonymous_6)
FN:153,(anonymous_7)
FN:256,(anonymous_8)
FN:261,(anonymous_9)
FNF:10
FNH:0
FNDA:0,(anonymous_0)
FNDA:0,(anonymous_1)
FNDA:0,(anonymous_2)
FNDA:0,(anonymous_3)
FNDA:0,(anonymous_4)
FNDA:0,(anonymous_5)
FNDA:0,(anonymous_6)
FNDA:0,(anonymous_7)
FNDA:0,(anonymous_8)
FNDA:0,(anonymous_9)
DA:8,1
DA:10,1
DA:18,0
DA:19,0
DA:22,0
DA:23,0
DA:26,0
DA:27,0
DA:30,0
DA:31,0
DA:34,0
DA:35,0
DA:38,0
DA:39,0
DA:42,0
DA:43,0
DA:45,0
DA:49,0
DA:50,0
DA:53,0
DA:54,0
DA:55,0
DA:56,0
DA:58,0
DA:60,0
DA:66,0
DA:67,0
DA:68,0
DA:69,0
DA:70,0
DA:72,0
DA:76,0
DA:79,0
DA:82,0
DA:83,0
DA:84,0
DA:85,0
DA:86,0
DA:91,0
DA:93,0
DA:94,0
DA:97,0
DA:98,0
DA:100,0
DA:101,0
DA:102,0
DA:103,0
DA:105,0
DA:106,0
DA:107,0
DA:108,0
DA:110,0
DA:111,0
DA:113,0
DA:114,0
DA:116,0
DA:118,0
DA:120,0
DA:121,0
DA:122,0
DA:123,0
DA:124,0
DA:125,0
DA:126,0
DA:127,0
DA:129,0
DA:130,0
DA:132,0
DA:133,0
DA:135,0
DA:139,0
DA:140,0
DA:141,0
DA:142,0
DA:145,0
DA:146,0
DA:147,0
DA:148,0
DA:151,0
DA:152,0
DA:153,0
DA:157,0
DA:158,0
DA:161,0
DA:163,0
DA:167,0
DA:168,0
DA:170,0
DA:171,0
DA:172,0
DA:173,0
DA:175,0
DA:176,0
DA:179,0
DA:180,0
DA:182,0
DA:185,0
DA:188,0
DA:191,0
DA:192,0
DA:194,0
DA:197,0
DA:200,0
DA:201,0
DA:203,0
DA:205,0
DA:207,0
DA:208,0
DA:209,0
DA:210,0
DA:212,0
DA:213,0
DA:216,0
DA:217,0
DA:219,0
DA:222,0
DA:225,0
DA:228,0
DA:229,0
DA:231,0
DA:234,0
DA:237,0
DA:238,0
DA:240,0
DA:244,0
DA:247,0
DA:248,0
DA:249,0
DA:250,0
DA:253,0
DA:254,0
DA:255,0
DA:256,0
DA:259,0
DA:260,0
DA:261,0
DA:265,0
DA:266,0
DA:269,0
DA:270,0
DA:271,0
DA:273,0
DA:275,0
DA:279,0
DA:280,0
DA:283,0
LF:146
LH:2
BRDA:18,0,0,0
BRDA:22,1,0,0
BRDA:26,2,0,0
BRDA:30,3,0,0
BRDA:34,4,0,0
BRDA:38,5,0,0
BRDA:49,6,0,0
BRDA:49,6,1,0
BRDA:54,7,0,0
BRDA:54,7,1,0
BRDA:54,8,0,0
BRDA:54,8,1,0
BRDA:54,9,0,0
BRDA:54,9,1,0
BRDA:55,10,0,0
BRDA:55,10,1,0
BRDA:55,11,0,0
BRDA:55,11,1,0
BRDA:55,12,0,0
BRDA:55,12,1,0
BRDA:55,13,0,0
BRDA:55,13,1,0
BRDA:55,14,0,0
BRDA:55,14,1,0
BRDA:56,15,0,0
BRDA:56,15,1,0
BRDA:56,16,0,0
BRDA:56,16,1,0
BRDA:56,17,0,0
BRDA:56,17,1,0
BRDA:58,18,0,0
BRDA:58,18,1,0
BRDA:58,19,0,0
BRDA:58,19,1,0
BRDA:58,20,0,0
BRDA:58,20,1,0
BRDA:58,21,0,0
BRDA:58,21,1,0
BRDA:61,22,0,0
BRDA:61,22,1,0
BRDA:61,23,0,0
BRDA:61,23,1,0
BRDA:61,24,0,0
BRDA:61,24,1,0
BRDA:67,25,0,0
BRDA:67,25,1,0
BRDA:67,26,0,0
BRDA:67,26,1,0
BRDA:69,27,0,0
BRDA:69,27,1,0
BRDA:79,28,0,0
BRDA:79,28,1,0
BRDA:84,29,0,0
BRDA:86,30,0,0
BRDA:86,30,1,0
BRDA:86,31,0,0
BRDA:86,31,1,0
BRDA:103,32,0,0
BRDA:103,32,1,0
BRDA:105,33,0,0
BRDA:105,33,1,0
BRDA:107,34,0,0
BRDA:110,35,0,0
BRDA:123,36,0,0
BRDA:123,36,1,0
BRDA:124,37,0,0
BRDA:124,37,1,0
BRDA:126,38,0,0
BRDA:129,39,0,0
BRDA:140,40,0,0
BRDA:140,40,1,0
BRDA:140,41,0,0
BRDA:140,41,1,0
BRDA:146,42,0,0
BRDA:146,43,0,0
BRDA:146,43,1,0
BRDA:146,44,0,0
BRDA:146,44,1,0
BRDA:146,45,0,0
BRDA:146,45,1,0
BRDA:146,46,0,0
BRDA:146,46,1,0
BRDA:151,47,0,0
BRDA:151,48,0,0
BRDA:151,48,1,0
BRDA:151,49,0,0
BRDA:151,49,1,0
BRDA:151,50,0,0
BRDA:151,50,1,0
BRDA:151,51,0,0
BRDA:151,51,1,0
BRDA:173,52,0,0
BRDA:173,52,1,0
BRDA:175,53,0,0
BRDA:175,53,1,0
BRDA:180,54,0,0
BRDA:180,55,0,0
BRDA:180,55,1,0
BRDA:182,56,0,0
BRDA:182,56,1,0
BRDA:182,57,0,0
BRDA:182,57,1,0
BRDA:188,58,0,0
BRDA:191,59,0,0
BRDA:194,60,0,0
BRDA:194,60,1,0
BRDA:194,61,0,0
BRDA:194,61,1,0
BRDA:210,62,0,0
BRDA:210,62,1,0
BRDA:212,63,0,0
BRDA:212,63,1,0
BRDA:217,64,0,0
BRDA:217,65,0,0
BRDA:217,65,1,0
BRDA:219,66,0,0
BRDA:219,66,1,0
BRDA:219,67,0,0
BRDA:219,67,1,0
BRDA:225,68,0,0
BRDA:228,69,0,0
BRDA:231,70,0,0
BRDA:231,70,1,0
BRDA:231,71,0,0
BRDA:231,71,1,0
BRDA:247,72,0,0
BRDA:247,72,1,0
BRDA:247,73,0,0
BRDA:247,73,1,0
BRDA:249,74,0,0
BRDA:249,74,1,0
BRDA:254,75,0,0
BRDA:254,76,0,0
BRDA:254,76,1,0
BRDA:254,77,0,0
BRDA:254,77,1,0
BRDA:254,78,0,0
BRDA:254,78,1,0
BRDA:254,79,0,0
BRDA:254,79,1,0
BRDA:259,80,0,0
BRDA:259,81,0,0
BRDA:259,81,1,0
BRDA:259,82,0,0
BRDA:259,82,1,0
BRDA:259,83,0,0
BRDA:259,83,1,0
BRDA:259,84,0,0
BRDA:259,84,1,0
BRDA:270,85,0,0
BRDA:270,86,0,0
BRDA:270,86,1,0
BRDA:279,87,0,0
BRF:153
BRH:0
end_of_record
TN:
SF:src/Board/gnuPositionId.ts
FN:15,getPlayerAndOpponent
FN:40,(anonymous_1)
FN:55,(anonymous_3)
FN:59,getCheckersOnBar
FN:64,(anonymous_5)
FN:67,exportToGnuPositionId
FNF:6
FNH:0
FNDA:0,getPlayerAndOpponent
FNDA:0,(anonymous_1)
FNDA:0,(anonymous_3)
FNDA:0,getCheckersOnBar
FNDA:0,(anonymous_5)
FNDA:0,exportToGnuPositionId
DA:9,1
DA:13,1
DA:21,0
DA:22,0
DA:24,0
DA:29,0
DA:31,0
DA:36,0
DA:37,0
DA:40,0
DA:41,0
DA:42,0
DA:44,0
DA:53,0
DA:54,0
DA:55,0
DA:63,0
DA:64,0
DA:67,1
DA:68,0
DA:69,0
DA:71,0
DA:74,0
DA:75,0
DA:76,0
DA:77,0
DA:79,0
DA:81,0
DA:82,0
DA:84,0
DA:85,0
DA:86,0
DA:89,0
DA:90,0
DA:91,0
DA:92,0
DA:94,0
DA:96,0
DA:97,0
DA:99,0
DA:100,0
DA:101,0
DA:104,0
DA:105,0
DA:110,0
DA:112,0
DA:116,0
DA:117,0
DA:118,0
DA:119,0
DA:120,0
DA:121,0
DA:122,0
DA:125,0
DA:129,0
DA:130,0
DA:131,0
DA:133,0
DA:134,0
DA:135,0
DA:136,0
DA:137,0
DA:138,0
DA:139,0
DA:143,0
DA:144,0
DA:145,0
DA:148,0
LF:68
LH:3
BRDA:21,0,0,0
BRDA:21,0,1,0
BRDA:21,1,0,0
BRDA:21,1,1,0
BRDA:24,2,0,0
BRDA:24,2,1,0
BRDA:36,3,0,0
BRDA:41,4,0,0
BRDA:53,5,0,0
BRDA:53,6,0,0
BRDA:53,6,1,0
BRDA:76,7,0,0
BRDA:76,7,1,0
BRDA:91,8,0,0
BRDA:91,8,1,0
BRDA:104,9,0,0
BRDA:104,9,1,0
BRDA:121,10,0,0
BRDA:143,11,0,0
BRF:19
BRH:0
end_of_record
TN:
SF:src/Board/index.ts
FN:26,generateDefaultGnuPositionId
FN:32,createTempGameContext
FN:42,(anonymous_2)
FN:43,(anonymous_3)
FN:85,(anonymous_4)
FN:101,(anonymous_5)
FN:215,(anonymous_6)
FN:219,pushCheckers
FN:225,(anonymous_8)
FN:229,filterCheckers
FN:433,(anonymous_10)
FN:464,mapPoints
FN:465,findPointSpec
FN:476,(anonymous_13)
FN:234,getPoints
FN:240,getBars
FN:244,getOffs
FN:248,getCheckerContainers
FN:257,getCheckerContainer
FN:262,findContainer
FN:272,getPossibleMoves
FN:279,(anonymous_21)
FN:299,(anonymous_22)
FN:317,mapPlayerPoints
FN:331,(anonymous_24)
FN:352,(anonymous_25)
FN:357,(anonymous_26)
FN:358,(anonymous_27)
FN:368,(anonymous_28)
FN:372,(anonymous_29)
FN:376,(anonymous_30)
FN:380,(anonymous_31)
FN:395,(anonymous_32)
FN:401,(anonymous_33)
FN:423,getPipCounts
FN:501,buildBar
FN:509,filterBarImport
FN:512,findClockwiseBarImport
FN:535,findCounterclockwiseBarImport
FN:574,buildOff
FN:580,filterOffImport
FN:583,findClockwiseOffImport
FN:589,findCounterclockwiseOffImport
FN:644,(anonymous_43)
FN:659,(anonymous_44)
FN:662,(anonymous_45)
FN:667,(anonymous_46)
FN:689,(anonymous_47)
FN:702,(anonymous_48)
FN:711,(anonymous_49)
FN:717,(anonymous_50)
FN:754,(anonymous_51)
FN:793,(anonymous_52)
FN:831,(anonymous_53)
FN:841,(anonymous_54)
FN:879,(anonymous_55)
FN:897,createBoardForPlayers
FNF:57
FNH:10
FNDA:1,generateDefaultGnuPositionId
FNDA:0,createTempGameContext
FNDA:0,(anonymous_2)
FNDA:0,(anonymous_3)
FNDA:0,(anonymous_4)
FNDA:0,(anonymous_5)
FNDA:0,(anonymous_6)
FNDA:0,pushCheckers
FNDA:0,(anonymous_8)
FNDA:0,filterCheckers
FNDA:1,(anonymous_10)
FNDA:24,mapPoints
FNDA:192,findPointSpec
FNDA:8,(anonymous_13)
FNDA:0,getPoints
FNDA:0,getBars
FNDA:0,getOffs
FNDA:0,getCheckerContainers
FNDA:0,getCheckerContainer
FNDA:0,findContainer
FNDA:0,getPossibleMoves
FNDA:0,(anonymous_21)
FNDA:0,(anonymous_22)
FNDA:0,mapPlayerPoints
FNDA:0,(anonymous_24)
FNDA:0,(anonymous_25)
FNDA:0,(anonymous_26)
FNDA:0,(anonymous_27)
FNDA:0,(anonymous_28)
FNDA:0,(anonymous_29)
FNDA:0,(anonymous_30)
FNDA:0,(anonymous_31)
FNDA:0,(anonymous_32)
FNDA:0,(anonymous_33)
FNDA:0,getPipCounts
FNDA:1,buildBar
FNDA:8,filterBarImport
FNDA:0,findClockwiseBarImport
FNDA:0,findCounterclockwiseBarImport
FNDA:1,buildOff
FNDA:8,filterOffImport
FNDA:0,findClockwiseOffImport
FNDA:0,findCounterclockwiseOffImport
FNDA:0,(anonymous_43)
FNDA:0,(anonymous_44)
FNDA:0,(anonymous_45)
FNDA:0,(anonymous_46)
FNDA:0,(anonymous_47)
FNDA:0,(anonymous_48)
FNDA:0,(anonymous_49)
FNDA:0,(anonymous_50)
FNDA:0,(anonymous_51)
FNDA:0,(anonymous_52)
FNDA:0,(anonymous_53)
FNDA:0,(anonymous_54)
FNDA:0,(anonymous_55)
FNDA:1,createBoardForPlayers
DA:19,1
DA:20,1
DA:21,1
DA:22,1
DA:23,1
DA:28,1
DA:38,0
DA:39,0
DA:42,0
DA:43,0
DA:45,0
DA:46,0
DA:50,0
DA:52,0
DA:64,1
DA:72,1
DA:88,0
DA:89,0
DA:90,0
DA:92,0
DA:107,0
DA:110,0
DA:113,0
DA:116,0
DA:117,0
DA:121,0
DA:125,0
DA:126,0
DA:132,0
DA:136,0
DA:137,0
DA:138,0
DA:143,0
DA:145,0
DA:148,0
DA:152,0
DA:157,0
DA:160,0
DA:168,0
DA:171,0
DA:172,0
DA:177,0
DA:178,0
DA:181,0
DA:182,0
DA:188,0
DA:197,0
DA:203,0
DA:205,0
DA:212,0
DA:216,0
DA:217,0
DA:219,0
DA:220,0
DA:222,0
DA:229,0
DA:230,0
DA:234,1
DA:237,0
DA:240,1
DA:241,0
DA:244,1
DA:245,0
DA:248,1
DA:251,0
DA:252,0
DA:253,0
DA:254,0
DA:257,1
DA:261,0
DA:263,0
DA:266,0
DA:267,0
DA:269,0
DA:272,1
DA:277,0
DA:278,0
DA:280,0
DA:282,0
DA:283,0
DA:286,0
DA:287,0
DA:291,0
DA:293,0
DA:294,0
DA:296,0
DA:298,0
DA:301,0
DA:305,0
DA:306,0
DA:313,0
DA:317,0
DA:322,0
DA:323,0
DA:326,0
DA:327,0
DA:330,0
DA:333,0
DA:340,0
DA:341,0
DA:352,0
DA:353,0
DA:354,0
DA:357,0
DA:358,0
DA:359,0
DA:362,0
DA:366,0
DA:369,0
DA:372,0
DA:376,0
DA:379,0
DA:380,0
DA:382,0
DA:384,0
DA:385,0
DA:394,0
DA:395,0
DA:398,0
DA:400,0
DA:401,0
DA:403,0
DA:405,0
DA:406,0
DA:407,0
DA:420,0
DA:423,1
DA:424,0
DA:425,0
DA:430,0
DA:436,1
DA:437,1
DA:439,1
DA:440,24
DA:441,24
DA:443,24
DA:444,24
DA:447,24
DA:456,24
DA:459,1
DA:460,0
DA:462,1
DA:464,1
DA:465,24
DA:466,192
DA:467,192
DA:472,0
DA:475,24
DA:476,8
DA:477,8
DA:478,8
DA:483,8
DA:489,1
DA:490,1
DA:492,1
DA:501,1
DA:507,1
DA:508,1
DA:509,1
DA:510,8
DA:512,1
DA:515,0
DA:518,1
DA:519,1
DA:521,1
DA:522,0
DA:523,0
DA:525,0
DA:534,1
DA:536,0
DA:540,1
DA:541,1
DA:543,1
DA:544,0
DA:545,0
DA:547,0
DA:556,1
DA:574,1
DA:580,1
DA:581,8
DA:583,1
DA:586,0
DA:588,1
DA:590,0
DA:594,1
DA:595,1
DA:596,0
DA:597,0
DA:598,0
DA:608,1
DA:609,1
DA:610,0
DA:611,0
DA:612,0
DA:622,1
DA:644,1
DA:648,0
DA:649,0
DA:659,1
DA:660,0
DA:662,0
DA:666,0
DA:667,0
DA:668,0
DA:669,0
DA:670,0
DA:672,0
DA:674,0
DA:675,0
DA:689,0
DA:690,0
DA:691,0
DA:692,0
DA:693,0
DA:695,0
DA:698,0
DA:699,0
DA:702,0
DA:703,0
DA:704,0
DA:708,0
DA:709,0
DA:711,0
DA:712,0
DA:713,0
DA:715,0
DA:717,0
DA:718,0
DA:719,0
DA:721,0
DA:724,0
DA:725,0
DA:726,0
DA:736,0
DA:737,0
DA:738,0
DA:748,0
DA:754,1
DA:756,0
DA:759,0
DA:760,0
DA:763,0
DA:764,0
DA:767,0
DA:786,0
DA:793,1
DA:800,0
DA:802,0
DA:803,0
DA:809,0
DA:810,0
DA:811,0
DA:813,0
DA:815,0
DA:824,0
DA:826,0
DA:827,0
DA:831,1
DA:839,0
DA:841,0
DA:844,0
DA:849,0
DA:855,0
DA:856,0
DA:857,0
DA:859,0
DA:861,0
DA:866,0
DA:874,0
DA:875,0
DA:879,1
DA:882,0
DA:883,0
DA:888,0
DA:897,1
DA:902,1
DA:908,1
DA:945,1
LF:278
LH:72
BRDA:38,0,0,0
BRDA:38,1,0,0
BRDA:38,1,1,0
BRDA:38,1,2,0
BRDA:45,2,0,0
BRDA:45,3,0,0
BRDA:45,3,1,0
BRDA:50,4,0,0
BRDA:50,4,1,0
BRDA:88,5,0,0
BRDA:88,5,1,0
BRDA:89,6,0,0
BRDA:89,6,1,0
BRDA:90,7,0,0
BRDA:90,7,1,0
BRDA:107,8,0,0
BRDA:110,9,0,0
BRDA:110,9,1,0
BRDA:125,10,0,0
BRDA:125,11,0,0
BRDA:125,11,1,0
BRDA:129,12,0,0
BRDA:129,12,1,0
BRDA:129,13,0,0
BRDA:129,13,1,0
BRDA:129,14,0,0
BRDA:129,14,1,0
BRDA:137,15,0,0
BRDA:148,16,0,0
BRDA:149,17,0,0
BRDA:149,17,1,0
BRDA:149,17,2,0
BRDA:171,18,0,0
BRDA:171,18,1,0
BRDA:172,19,0,0
BRDA:172,19,1,0
BRDA:173,20,0,0
BRDA:173,20,1,0
BRDA:203,21,0,0
BRDA:436,22,0,0
BRDA:459,23,0,0
BRDA:466,24,0,192
BRDA:466,25,0,192
BRDA:466,25,1,192
BRDA:468,26,0,192
BRDA:468,26,1,8
BRDA:475,27,0,8
BRDA:477,28,0,8
BRDA:266,29,0,0
BRDA:280,30,0,0
BRDA:280,30,1,0
BRDA:286,31,0,0
BRDA:286,32,0,0
BRDA:286,32,1,0
BRDA:291,33,0,0
BRDA:293,34,0,0
BRDA:293,34,1,0
BRDA:301,35,0,0
BRDA:301,35,1,0
BRDA:301,35,2,0
BRDA:305,36,0,0
BRDA:326,37,0,0
BRDA:326,38,0,0
BRDA:326,38,1,0
BRDA:333,39,0,0
BRDA:333,39,1,0
BRDA:333,39,2,0
BRDA:333,39,3,0
BRDA:333,39,4,0
BRDA:333,39,5,0
BRDA:340,40,0,0
BRDA:354,41,0,0
BRDA:354,41,1,0
BRDA:362,42,0,0
BRDA:369,43,0,0
BRDA:369,43,1,0
BRDA:382,44,0,0
BRDA:382,44,1,0
BRDA:398,45,0,0
BRDA:403,46,0,0
BRDA:521,47,0,0
BRDA:522,48,0,0
BRDA:543,49,0,0
BRDA:544,50,0,0
BRDA:595,51,0,0
BRDA:596,52,0,0
BRDA:609,53,0,0
BRDA:610,54,0,0
BRDA:669,55,0,0
BRDA:674,56,0,0
BRDA:712,57,0,0
BRDA:712,58,0,0
BRDA:712,58,1,0
BRDA:712,59,0,0
BRDA:712,59,1,0
BRDA:718,60,0,0
BRDA:718,61,0,0
BRDA:718,61,1,0
BRDA:718,62,0,0
BRDA:718,62,1,0
BRDA:724,63,0,0
BRDA:736,64,0,0
BRDA:760,65,0,0
BRDA:760,65,1,0
BRDA:764,66,0,0
BRDA:764,66,1,0
BRDA:773,67,0,0
BRDA:773,67,1,0
BRDA:781,68,0,0
BRDA:781,68,1,0
BRDA:802,69,0,0
BRDA:802,70,0,0
BRDA:802,70,1,0
BRDA:802,70,2,0
BRDA:809,71,0,0
BRDA:841,72,0,0
BRDA:841,72,1,0
BRDA:841,73,0,0
BRDA:841,73,1,0
BRDA:844,74,0,0
BRDA:844,74,1,0
BRDA:845,75,0,0
BRDA:845,75,1,0
BRDA:855,76,0,0
BRDA:882,77,0,0
BRDA:882,77,1,0
BRF:126
BRH:7
end_of_record
TN:
SF:src/Board/imports/BOARD_IMPORT_BOTH_BEAROFF.ts
FNF:0
FNH:0
DA:4,1
DA:6,1
DA:8,1
LF:3
LH:3
BRDA:6,0,0,1
BRDA:6,0,1,0
BRF:2
BRH:1
end_of_record
TN:
SF:src/Board/imports/BOARD_IMPORT_BOTH_REENTER.ts
FNF:0
FNH:0
DA:4,1
DA:5,1
DA:7,1
LF:3
LH:3
BRF:0
BRH:0
end_of_record
TN:
SF:src/Board/imports/BOARD_IMPORT_DEFAULT.ts
FNF:0
FNH:0
DA:3,1
DA:5,1
DA:7,1
LF:3
LH:3
BRDA:5,0,0,1
BRDA:5,0,1,0
BRF:2
BRH:1
end_of_record
TN:
SF:src/Board/imports/BOARD_IMPORT_REENTER_TEST.ts
FNF:0
FNH:0
DA:4,1
DA:5,1
DA:7,1
LF:3
LH:3
BRF:0
BRH:0
end_of_record
TN:
SF:src/Board/imports/index.ts
FN:1,(anonymous_0)
FN:2,(anonymous_1)
FN:3,(anonymous_2)
FN:4,(anonymous_3)
FNF:4
FNH:0
FNDA:0,(anonymous_0)
FNDA:0,(anonymous_1)
FNDA:0,(anonymous_2)
FNDA:0,(anonymous_3)
DA:1,1
DA:2,1
DA:3,1
DA:4,1
LF:4
LH:4
BRF:0
BRH:0
end_of_record
TN:
SF:src/Checker/index.ts
FN:9,getCheckers
FN:21,initializeChecker
FN:29,buildCheckersForCheckerContainerId
FN:47,getChecker
FN:51,findChecker
FNF:5
FNH:1
FNDA:0,getCheckers
FNDA:0,initializeChecker
FNDA:8,buildCheckersForCheckerContainerId
FNDA:0,getChecker
FNDA:0,findChecker
DA:6,1
DA:8,1
DA:9,1
DA:12,0
DA:13,0
DA:14,0
DA:15,0
DA:18,0
DA:21,1
DA:25,0
DA:28,1
DA:34,8
DA:36,8
DA:37,30
DA:42,30
DA:44,8
DA:47,1
DA:51,0
DA:54,0
DA:56,0
DA:57,0
DA:59,0
LF:22
LH:11
BRDA:56,0,0,0
BRF:1
BRH:0
end_of_record
TN:
SF:src/Cube/index.ts
FN:16,(anonymous_0)
FN:22,initializeCube
FN:43,doubleCube
FN:55,(anonymous_3)
FNF:4
FNH:1
FNDA:0,(anonymous_0)
FNDA:1,initializeCube
FNDA:0,doubleCube
FNDA:0,(anonymous_3)
DA:12,1
DA:16,1
DA:18,0
DA:19,0
DA:20,0
DA:22,1
DA:25,1
DA:26,1
DA:28,1
DA:29,1
DA:30,1
DA:32,1
DA:33,1
DA:35,1
DA:43,1
DA:48,0
DA:49,0
DA:55,0
DA:56,0
DA:57,0
DA:59,0
LF:21
LH:12
BRDA:25,0,0,1
BRDA:29,1,0,1
BRDA:32,2,0,1
BRDA:39,3,0,0
BRDA:39,3,1,1
BRDA:39,4,0,1
BRDA:39,4,1,1
BRDA:48,5,0,0
BRDA:48,6,0,0
BRDA:48,6,1,0
BRDA:56,7,0,0
BRDA:56,7,1,0
BRDA:57,8,0,0
BRDA:57,8,1,0
BRDA:59,9,0,0
BRDA:59,9,1,0
BRF:16
BRH:6
end_of_record
TN:
SF:src/Dice/index.ts
FN:14,initializeDice
FN:55,rollDice
FN:70,switchDice
FN:82,isDouble
FN:88,rollDie
FNF:5
FNH:2
FNDA:10,initializeDice
FNDA:0,rollDice
FNDA:0,switchDice
FNDA:0,isDouble
FNDA:2,rollDie
DA:11,1
DA:13,1
DA:14,1
DA:20,10
DA:22,10
DA:24,9
DA:32,1
DA:40,0
DA:41,0
DA:43,0
DA:51,0
DA:55,1
DA:58,0
DA:62,0
DA:70,1
DA:73,0
DA:82,1
DA:85,0
DA:88,1
DA:89,2
DA:92,1
LF:21
LH:13
BRDA:16,0,0,8
BRDA:17,1,0,10
BRDA:18,2,0,10
BRDA:20,3,0,0
BRDA:20,3,1,10
BRDA:22,4,0,9
BRDA:22,4,1,1
BRDA:22,4,2,0
BRDA:22,4,3,0
BRDA:40,5,0,0
BRF:10
BRH:6
end_of_record
TN:
SF:src/Game/index.ts
FN:40,(anonymous_17)
FN:954,(anonymous_18)
FN:973,(anonymous_19)
FN:980,(anonymous_20)
FN:987,(anonymous_21)
FN:995,(anonymous_22)
FN:1008,(anonymous_23)
FN:1020,(anonymous_24)
FN:1031,(anonymous_25)
FN:1039,(anonymous_26)
FN:1072,(anonymous_27)
FN:1084,(anonymous_28)
FN:1143,(anonymous_29)
FN:1151,(anonymous_30)
FN:62,createNewGame
FN:127,(anonymous_32)
FN:160,(anonymous_33)
FN:161,(anonymous_34)
FN:165,(anonymous_35)
FN:169,(anonymous_36)
FN:192,(anonymous_37)
FN:195,(anonymous_38)
FN:211,(anonymous_39)
FN:234,(anonymous_40)
FN:237,(anonymous_41)
FN:257,initializeGame
FN:354,rollForStart
FN:358,(anonymous_44)
FN:381,(anonymous_45)
FN:384,(anonymous_46)
FN:404,advanceRobotToMoving
FN:429,processRobotTurn
FN:430,(anonymous_49)
FN:448,(anonymous_50)
FN:457,roll
FN:462,(anonymous_52)
FN:481,(anonymous_53)
FN:484,(anonymous_54)
FN:517,(anonymous_55)
FN:535,prepareMove
FN:554,toMoving
FN:576,toDoubling
FN:591,move
FN:622,(anonymous_60)
FN:667,executeAndRecalculate
FN:709,checkAndCompleteTurn
FN:720,(anonymous_63)
FN:731,(anonymous_64)
FN:741,(anonymous_65)
FN:744,(anonymous_66)
FN:776,canConfirmTurn
FN:792,(anonymous_68)
FN:797,(anonymous_69)
FN:801,(anonymous_70)
FN:802,(anonymous_71)
FN:823,confirmTurn
FN:843,(anonymous_73)
FN:869,(anonymous_74)
FN:879,(anonymous_75)
FN:882,(anonymous_76)
FN:899,activePlayer
FN:903,(anonymous_78)
FN:911,inactivePlayer
FN:915,(anonymous_80)
FN:923,getPlayersForColor
FN:930,(anonymous_82)
FN:931,(anonymous_83)
FN:941,startMove
FN:1176,getPossibleMoves
FN:1199,(anonymous_86)
FN:1227,(anonymous_87)
FN:1228,(anonymous_88)
FN:1260,(anonymous_89)
FN:1266,(anonymous_90)
FN:1293,(anonymous_91)
FNF:75
FNH:9
FNDA:0,(anonymous_17)
FNDA:0,(anonymous_18)
FNDA:0,(anonymous_19)
FNDA:0,(anonymous_20)
FNDA:0,(anonymous_21)
FNDA:0,(anonymous_22)
FNDA:0,(anonymous_23)
FNDA:0,(anonymous_24)
FNDA:0,(anonymous_25)
FNDA:0,(anonymous_26)
FNDA:0,(anonymous_27)
FNDA:0,(anonymous_28)
FNDA:0,(anonymous_29)
FNDA:0,(anonymous_30)
FNDA:1,createNewGame
FNDA:2,(anonymous_32)
FNDA:1,(anonymous_33)
FNDA:2,(anonymous_34)
FNDA:0,(anonymous_35)
FNDA:0,(anonymous_36)
FNDA:0,(anonymous_37)
FNDA:0,(anonymous_38)
FNDA:0,(anonymous_39)
FNDA:0,(anonymous_40)
FNDA:0,(anonymous_41)
FNDA:1,initializeGame
FNDA:1,rollForStart
FNDA:2,(anonymous_44)
FNDA:2,(anonymous_45)
FNDA:1,(anonymous_46)
FNDA:0,advanceRobotToMoving
FNDA:0,processRobotTurn
FNDA:0,(anonymous_49)
FNDA:0,(anonymous_50)
FNDA:0,roll
FNDA:0,(anonymous_52)
FNDA:0,(anonymous_53)
FNDA:0,(anonymous_54)
FNDA:0,(anonymous_55)
FNDA:0,prepareMove
FNDA:0,toMoving
FNDA:0,toDoubling
FNDA:0,move
FNDA:0,(anonymous_60)
FNDA:0,executeAndRecalculate
FNDA:0,checkAndCompleteTurn
FNDA:0,(anonymous_63)
FNDA:0,(anonymous_64)
FNDA:0,(anonymous_65)
FNDA:0,(anonymous_66)
FNDA:0,canConfirmTurn
FNDA:0,(anonymous_68)
FNDA:0,(anonymous_69)
FNDA:0,(anonymous_70)
FNDA:0,(anonymous_71)
FNDA:0,confirmTurn
FNDA:0,(anonymous_73)
FNDA:0,(anonymous_74)
FNDA:0,(anonymous_75)
FNDA:0,(anonymous_76)
FNDA:0,activePlayer
FNDA:0,(anonymous_78)
FNDA:0,inactivePlayer
FNDA:0,(anonymous_80)
FNDA:0,getPlayersForColor
FNDA:0,(anonymous_82)
FNDA:0,(anonymous_83)
FNDA:0,startMove
FNDA:0,getPossibleMoves
FNDA:0,(anonymous_86)
FNDA:0,(anonymous_87)
FNDA:0,(anonymous_88)
FNDA:0,(anonymous_89)
FNDA:0,(anonymous_90)
FNDA:0,(anonymous_91)
DA:29,1
DA:30,1
DA:31,1
DA:32,1
DA:33,1
DA:34,1
DA:35,1
DA:36,1
DA:40,1
DA:41,0
DA:62,1
DA:79,1
DA:80,0
DA:81,0
DA:82,0
DA:85,1
DA:86,0
DA:87,0
DA:88,0
DA:90,1
DA:91,1
DA:92,1
DA:97,1
DA:127,1
DA:128,2
DA:140,1
DA:144,1
DA:150,1
DA:158,1
DA:160,1
DA:161,2
DA:162,1
DA:165,0
DA:168,0
DA:169,0
DA:170,0
DA:191,0
DA:192,0
DA:194,0
DA:195,0
DA:198,0
DA:206,1
DA:208,0
DA:211,0
DA:212,0
DA:233,0
DA:234,0
DA:236,0
DA:237,0
DA:240,0
DA:250,1
DA:254,1
DA:257,1
DA:269,1
DA:271,1
DA:279,0
DA:280,0
DA:281,0
DA:282,0
DA:293,0
DA:294,0
DA:295,0
DA:296,0
DA:307,0
DA:308,0
DA:309,0
DA:310,0
DA:311,0
DA:323,0
DA:324,0
DA:325,0
DA:326,0
DA:327,0
DA:339,0
DA:341,0
DA:343,0
DA:345,0
DA:347,0
DA:350,0
DA:351,0
DA:354,1
DA:357,1
DA:358,1
DA:359,2
DA:380,1
DA:381,2
DA:383,1
DA:384,1
DA:388,1
DA:404,1
DA:407,0
DA:408,0
DA:411,0
DA:412,0
DA:416,0
DA:417,0
DA:429,1
DA:430,0
DA:439,0
DA:440,0
DA:448,0
DA:451,0
DA:454,0
DA:457,1
DA:460,0
DA:461,0
DA:462,0
DA:463,0
DA:466,0
DA:469,0
DA:475,0
DA:480,0
DA:481,0
DA:483,0
DA:484,0
DA:486,0
DA:494,0
DA:496,0
DA:497,0
DA:499,0
DA:500,0
DA:501,0
DA:503,0
DA:504,0
DA:505,0
DA:507,0
DA:508,0
DA:510,0
DA:517,0
DA:518,0
DA:521,0
DA:535,1
DA:538,0
DA:539,0
DA:544,0
DA:554,1
DA:558,0
DA:560,0
DA:561,0
DA:568,0
DA:569,0
DA:576,1
DA:579,0
DA:580,0
DA:588,0
DA:591,1
DA:595,0
DA:598,0
DA:599,0
DA:604,0
DA:605,0
DA:609,0
DA:614,0
DA:619,0
DA:620,0
DA:621,0
DA:622,0
DA:625,0
DA:627,0
DA:634,0
DA:636,0
DA:640,0
DA:651,0
DA:667,1
DA:672,0
DA:675,0
DA:676,0
DA:680,0
DA:683,0
DA:685,0
DA:688,0
DA:689,0
DA:700,0
DA:709,1
DA:713,0
DA:714,0
DA:715,0
DA:718,0
DA:719,0
DA:720,0
DA:723,0
DA:724,0
DA:728,0
DA:731,0
DA:732,0
DA:733,0
DA:735,0
DA:740,0
DA:741,0
DA:743,0
DA:744,0
DA:748,0
DA:754,0
DA:776,1
DA:779,0
DA:780,0
DA:783,0
DA:784,0
DA:785,0
DA:788,0
DA:791,0
DA:792,0
DA:796,0
DA:797,0
DA:801,0
DA:802,0
DA:803,0
DA:808,0
DA:814,0
DA:823,1
DA:826,0
DA:827,0
DA:830,0
DA:831,0
DA:836,0
DA:837,0
DA:838,0
DA:842,0
DA:843,0
DA:844,0
DA:845,0
DA:855,0
DA:859,0
DA:866,0
DA:869,0
DA:870,0
DA:871,0
DA:873,0
DA:878,0
DA:879,0
DA:881,0
DA:882,0
DA:886,0
DA:899,1
DA:902,0
DA:903,0
DA:905,0
DA:906,0
DA:908,0
DA:911,1
DA:914,0
DA:915,0
DA:917,0
DA:918,0
DA:920,0
DA:923,1
DA:930,0
DA:931,0
DA:932,0
DA:933,0
DA:935,0
DA:941,1
DA:945,0
DA:960,0
DA:974,0
DA:981,0
DA:988,0
DA:989,0
DA:993,0
DA:994,0
DA:995,0
DA:997,0
DA:998,0
DA:1002,0
DA:1009,0
DA:1024,0
DA:1025,0
DA:1027,0
DA:1035,0
DA:1036,0
DA:1039,0
DA:1041,0
DA:1050,0
DA:1052,0
DA:1053,0
DA:1077,0
DA:1088,0
DA:1089,0
DA:1091,0
DA:1095,0
DA:1097,0
DA:1101,0
DA:1106,0
DA:1107,0
DA:1109,0
DA:1113,0
DA:1126,0
DA:1148,0
DA:1155,0
DA:1156,0
DA:1159,0
DA:1160,0
DA:1164,0
DA:1176,1
DA:1187,0
DA:1192,0
DA:1199,0
DA:1200,0
DA:1201,0
DA:1208,0
DA:1209,0
DA:1210,0
DA:1216,0
DA:1222,0
DA:1225,0
DA:1227,0
DA:1228,0
DA:1233,0
DA:1235,0
DA:1238,0
DA:1243,0
DA:1249,0
DA:1258,0
DA:1260,0
DA:1263,0
DA:1266,0
DA:1277,0
DA:1284,0
DA:1285,0
DA:1293,0
DA:1294,0
DA:1295,0
DA:1297,0
DA:1301,0
DA:1306,0
DA:1316,0
LF:326
LH:56
BRDA:961,0,0,0
BRDA:961,0,1,0
BRDA:961,0,2,0
BRDA:961,0,3,0
BRDA:961,0,4,0
BRDA:974,1,0,0
BRDA:974,1,1,0
BRDA:988,2,0,0
BRDA:993,3,0,0
BRDA:997,4,0,0
BRDA:997,5,0,0
BRDA:997,5,1,0
BRDA:1009,6,0,0
BRDA:1009,6,1,0
BRDA:1035,7,0,0
BRDA:1060,8,0,0
BRDA:1060,8,1,0
BRDA:1078,9,0,0
BRDA:1078,9,1,0
BRDA:1078,9,2,0
BRDA:1088,10,0,0
BRDA:1092,11,0,0
BRDA:1092,11,1,0
BRDA:1107,12,0,0
BRDA:1155,13,0,0
BRDA:65,14,0,1
BRDA:66,15,0,1
BRDA:67,16,0,1
BRDA:79,17,0,0
BRDA:79,17,1,1
BRDA:82,18,0,0
BRDA:82,18,1,0
BRDA:82,19,0,0
BRDA:82,19,1,0
BRDA:85,20,0,0
BRDA:85,20,1,1
BRDA:97,21,0,0
BRDA:97,21,1,1
BRDA:145,22,0,0
BRDA:145,22,1,1
BRDA:146,23,0,1
BRDA:146,23,1,0
BRDA:158,24,0,1
BRDA:162,25,0,0
BRDA:162,25,1,1
BRDA:163,26,0,1
BRDA:163,26,1,1
BRDA:163,26,2,0
BRDA:170,27,0,0
BRDA:170,27,1,0
BRDA:206,28,0,0
BRDA:206,28,1,1
BRDA:208,29,0,0
BRDA:208,29,1,0
BRDA:212,30,0,0
BRDA:212,30,1,0
BRDA:259,31,0,0
BRDA:260,32,0,0
BRDA:261,33,0,0
BRDA:262,34,0,1
BRDA:269,35,0,1
BRDA:269,35,1,0
BRDA:269,35,2,0
BRDA:269,35,3,0
BRDA:269,35,4,0
BRDA:269,35,5,0
BRDA:269,35,6,0
BRDA:269,35,7,0
BRDA:269,35,8,0
BRDA:269,35,9,0
BRDA:279,36,0,0
BRDA:280,37,0,0
BRDA:281,38,0,0
BRDA:293,39,0,0
BRDA:294,40,0,0
BRDA:295,41,0,0
BRDA:307,42,0,0
BRDA:308,43,0,0
BRDA:309,44,0,0
BRDA:310,45,0,0
BRDA:323,46,0,0
BRDA:324,47,0,0
BRDA:325,48,0,0
BRDA:326,49,0,0
BRDA:359,50,0,1
BRDA:359,50,1,1
BRDA:407,51,0,0
BRDA:411,52,0,0
BRDA:411,53,0,0
BRDA:411,53,1,0
BRDA:411,54,0,0
BRDA:411,54,1,0
BRDA:431,55,0,0
BRDA:439,56,0,0
BRDA:439,57,0,0
BRDA:439,57,1,0
BRDA:439,58,0,0
BRDA:439,58,1,0
BRDA:460,59,0,0
BRDA:463,60,0,0
BRDA:466,61,0,0
BRDA:466,61,1,0
BRDA:497,62,0,0
BRDA:500,63,0,0
BRDA:505,64,0,0
BRDA:518,65,0,0
BRDA:518,65,1,0
BRDA:538,66,0,0
BRDA:558,67,0,0
BRDA:558,67,1,0
BRDA:560,68,0,0
BRDA:579,69,0,0
BRDA:598,70,0,0
BRDA:609,71,0,0
BRDA:609,71,1,0
BRDA:609,72,0,0
BRDA:609,72,1,0
BRDA:614,73,0,0
BRDA:614,73,1,0
BRDA:625,74,0,0
BRDA:625,74,1,0
BRDA:634,75,0,0
BRDA:634,76,0,0
BRDA:634,76,1,0
BRDA:675,77,0,0
BRDA:683,78,0,0
BRDA:688,79,0,0
BRDA:714,80,0,0
BRDA:714,81,0,0
BRDA:714,81,1,0
BRDA:723,82,0,0
BRDA:728,83,0,0
BRDA:728,83,1,0
BRDA:732,84,0,0
BRDA:732,84,1,0
BRDA:779,85,0,0
BRDA:784,86,0,0
BRDA:784,87,0,0
BRDA:784,87,1,0
BRDA:814,88,0,0
BRDA:814,88,1,0
BRDA:814,88,2,0
BRDA:826,89,0,0
BRDA:830,90,0,0
BRDA:837,91,0,0
BRDA:837,92,0,0
BRDA:837,92,1,0
BRDA:844,93,0,0
BRDA:866,94,0,0
BRDA:866,94,1,0
BRDA:870,95,0,0
BRDA:870,95,1,0
BRDA:903,96,0,0
BRDA:903,96,1,0
BRDA:905,97,0,0
BRDA:915,98,0,0
BRDA:915,98,1,0
BRDA:917,99,0,0
BRDA:932,100,0,0
BRDA:932,101,0,0
BRDA:932,101,1,0
BRDA:1187,102,0,0
BRDA:1188,103,0,0
BRDA:1188,103,1,0
BRDA:1188,103,2,0
BRDA:1200,104,0,0
BRDA:1209,105,0,0
BRDA:1209,106,0,0
BRDA:1209,106,1,0
BRDA:1216,107,0,0
BRDA:1216,107,1,0
BRDA:1225,108,0,0
BRDA:1225,109,0,0
BRDA:1225,109,1,0
BRDA:1235,110,0,0
BRDA:1258,111,0,0
BRDA:1259,112,0,0
BRDA:1259,112,1,0
BRDA:1259,112,2,0
BRDA:1284,113,0,0
BRDA:1284,113,1,0
BRDA:1294,114,0,0
BRDA:1294,114,1,0
BRF:183
BRH:17
end_of_record
TN:
SF:src/Move/index.ts
FN:46,(anonymous_16)
FN:62,moveChecker
FN:140,(anonymous_19)
FN:155,(anonymous_20)
FN:169,(anonymous_21)
FN:237,(anonymous_22)
FN:278,executeRobotMove
FN:284,(anonymous_25)
FN:301,(anonymous_26)
FN:412,(anonymous_27)
FN:418,(anonymous_28)
FN:428,(anonymous_29)
FN:490,findCheckerInBoard
FN:499,(anonymous_31)
FN:507,(anonymous_32)
FN:514,(anonymous_33)
FN:525,(anonymous_34)
FN:532,(anonymous_35)
FN:548,getPossibleMovesForChecker
FN:592,getAvailableDice
FN:663,determineMoveKind
FN:693,canBearOff
FN:742,initializeMove
FN:757,isPointOpen
FN:771,move
FN:804,confirmMove
FNF:26
FNH:0
FNDA:0,(anonymous_16)
FNDA:0,moveChecker
FNDA:0,(anonymous_19)
FNDA:0,(anonymous_20)
FNDA:0,(anonymous_21)
FNDA:0,(anonymous_22)
FNDA:0,executeRobotMove
FNDA:0,(anonymous_25)
FNDA:0,(anonymous_26)
FNDA:0,(anonymous_27)
FNDA:0,(anonymous_28)
FNDA:0,(anonymous_29)
FNDA:0,findCheckerInBoard
FNDA:0,(anonymous_31)
FNDA:0,(anonymous_32)
FNDA:0,(anonymous_33)
FNDA:0,(anonymous_34)
FNDA:0,(anonymous_35)
FNDA:0,getPossibleMovesForChecker
FNDA:0,getAvailableDice
FNDA:0,determineMoveKind
FNDA:0,canBearOff
FNDA:0,initializeMove
FNDA:0,isPointOpen
FNDA:0,move
FNDA:0,confirmMove
DA:28,1
DA:29,1
DA:30,1
DA:31,1
DA:46,1
DA:51,0
DA:52,0
DA:53,0
DA:62,1
DA:67,0
DA:69,0
DA:70,0
DA:71,0
DA:77,0
DA:85,0
DA:90,0
DA:97,0
DA:98,0
DA:99,0
DA:105,0
DA:106,0
DA:115,0
DA:116,0
DA:123,0
DA:124,0
DA:130,0
DA:135,0
DA:136,0
DA:138,0
DA:140,0
DA:150,0
DA:151,0
DA:152,0
DA:155,0
DA:168,0
DA:171,0
DA:172,0
DA:185,0
DA:189,0
DA:194,0
DA:195,0
DA:203,0
DA:208,0
DA:209,0
DA:217,0
DA:218,0
DA:219,0
DA:221,0
DA:231,0
DA:236,0
DA:237,0
DA:240,0
DA:242,0
DA:243,0
DA:245,0
DA:257,0
DA:260,0
DA:268,0
DA:278,1
DA:282,0
DA:284,0
DA:286,0
DA:293,0
DA:294,0
DA:295,0
DA:298,0
DA:301,0
DA:304,0
DA:306,0
DA:309,0
DA:311,0
DA:314,0
DA:319,0
DA:320,0
DA:324,0
DA:327,0
DA:330,0
DA:334,0
DA:341,0
DA:344,0
DA:346,0
DA:349,0
DA:353,0
DA:356,0
DA:359,0
DA:363,0
DA:370,0
DA:374,0
DA:378,0
DA:382,0
DA:391,0
DA:394,0
DA:395,0
DA:399,0
DA:403,0
DA:408,0
DA:411,0
DA:412,0
DA:413,0
DA:417,0
DA:418,0
DA:421,0
DA:422,0
DA:428,0
DA:435,0
DA:442,0
DA:447,0
DA:454,0
DA:455,0
DA:457,0
DA:458,0
DA:463,0
DA:467,0
DA:475,0
DA:479,0
DA:490,1
DA:498,0
DA:499,0
DA:500,0
DA:501,0
DA:506,0
DA:507,0
DA:509,0
DA:510,0
DA:513,0
DA:514,0
DA:516,0
DA:517,0
DA:524,0
DA:525,0
DA:527,0
DA:528,0
DA:531,0
DA:532,0
DA:534,0
DA:535,0
DA:541,0
DA:547,1
DA:553,0
DA:554,0
DA:557,0
DA:563,0
DA:564,0
DA:571,0
DA:573,0
DA:574,0
DA:586,0
DA:592,1
DA:596,0
DA:597,0
DA:601,0
DA:602,0
DA:605,0
DA:607,0
DA:610,0
DA:614,0
DA:615,0
DA:619,0
DA:620,0
DA:624,0
DA:625,0
DA:627,0
DA:629,0
DA:635,0
DA:636,0
DA:638,0
DA:643,0
DA:644,0
DA:650,0
DA:651,0
DA:652,0
DA:653,0
DA:654,0
DA:657,0
DA:663,1
DA:670,0
DA:671,0
DA:675,0
DA:679,0
DA:683,0
DA:684,0
DA:687,0
DA:693,1
DA:700,0
DA:706,0
DA:710,0
DA:711,0
DA:715,0
DA:717,0
DA:722,0
DA:723,0
DA:724,0
DA:725,0
DA:732,0
DA:733,0
DA:734,0
DA:735,0
DA:739,0
DA:742,1
DA:746,0
DA:747,0
DA:748,0
DA:757,1
DA:761,0
DA:762,0
DA:763,0
DA:764,0
DA:765,0
DA:766,0
DA:767,0
DA:768,0
DA:771,1
DA:775,0
DA:776,0
DA:777,0
DA:778,0
DA:779,0
DA:781,0
DA:783,0
DA:785,0
DA:787,0
DA:790,0
DA:804,1
DA:807,0
DA:808,0
DA:817,0
LF:226
LH:16
BRDA:70,0,0,0
BRDA:85,1,0,0
BRDA:86,2,0,0
BRDA:86,2,1,0
BRDA:86,2,2,0
BRDA:98,3,0,0
BRDA:111,4,0,0
BRDA:111,4,1,0
BRDA:115,5,0,0
BRDA:123,6,0,0
BRDA:123,7,0,0
BRDA:123,7,1,0
BRDA:145,8,0,0
BRDA:145,8,1,0
BRDA:151,9,0,0
BRDA:151,10,0,0
BRDA:151,10,1,0
BRDA:157,11,0,0
BRDA:157,11,1,0
BRDA:161,12,0,0
BRDA:161,12,1,0
BRDA:175,13,0,0
BRDA:175,13,1,0
BRDA:180,14,0,0
BRDA:180,14,1,0
BRDA:194,15,0,0
BRDA:208,16,0,0
BRDA:217,17,0,0
BRDA:225,18,0,0
BRDA:225,18,1,0
BRDA:240,19,0,0
BRDA:240,19,1,0
BRDA:240,20,0,0
BRDA:240,20,1,0
BRDA:240,21,0,0
BRDA:240,21,1,0
BRDA:249,22,0,0
BRDA:249,22,1,0
BRDA:270,23,0,0
BRDA:270,23,1,0
BRDA:288,24,0,0
BRDA:288,24,1,0
BRDA:288,25,0,0
BRDA:288,25,1,0
BRDA:293,26,0,0
BRDA:304,27,0,0
BRDA:304,27,1,0
BRDA:304,27,2,0
BRDA:304,27,3,0
BRDA:322,28,0,0
BRDA:322,28,1,0
BRDA:322,29,0,0
BRDA:322,29,1,0
BRDA:327,30,0,0
BRDA:327,30,1,0
BRDA:351,31,0,0
BRDA:351,31,1,0
BRDA:351,32,0,0
BRDA:351,32,1,0
BRDA:356,33,0,0
BRDA:356,33,1,0
BRDA:394,34,0,0
BRDA:421,35,0,0
BRDA:465,36,0,0
BRDA:465,36,1,0
BRDA:469,37,0,0
BRDA:469,37,1,0
BRDA:477,38,0,0
BRDA:477,38,1,0
BRDA:481,39,0,0
BRDA:481,39,1,0
BRDA:500,40,0,0
BRDA:509,41,0,0
BRDA:516,42,0,0
BRDA:527,43,0,0
BRDA:534,44,0,0
BRDA:571,45,0,0
BRDA:596,46,0,0
BRDA:596,47,0,0
BRDA:596,47,1,0
BRDA:605,48,0,0
BRDA:605,48,1,0
BRDA:614,49,0,0
BRDA:619,50,0,0
BRDA:619,51,0,0
BRDA:619,51,1,0
BRDA:629,52,0,0
BRDA:630,53,0,0
BRDA:630,53,1,0
BRDA:630,53,2,0
BRDA:630,53,3,0
BRDA:635,54,0,0
BRDA:635,54,1,0
BRDA:638,55,0,0
BRDA:638,55,1,0
BRDA:643,56,0,0
BRDA:643,57,0,0
BRDA:643,57,1,0
BRDA:653,58,0,0
BRDA:670,59,0,0
BRDA:675,60,0,0
BRDA:676,61,0,0
BRDA:676,61,1,0
BRDA:683,62,0,0
BRDA:700,63,0,0
BRDA:700,63,1,0
BRDA:706,64,0,0
BRDA:706,64,1,0
BRDA:710,65,0,0
BRDA:717,66,0,0
BRDA:717,66,1,0
BRDA:722,67,0,0
BRDA:724,68,0,0
BRDA:734,69,0,0
BRDA:746,70,0,0
BRDA:746,70,1,0
BRDA:747,71,0,0
BRDA:747,71,1,0
BRDA:761,72,0,0
BRDA:762,73,0,0
BRDA:762,74,0,0
BRDA:762,74,1,0
BRDA:764,75,0,0
BRDA:764,76,0,0
BRDA:764,76,1,0
BRDA:766,77,0,0
BRDA:766,78,0,0
BRDA:766,78,1,0
BRDA:777,79,0,0
BRDA:778,80,0,0
BRDA:778,81,0,0
BRDA:778,81,1,0
BRDA:781,82,0,0
BRDA:781,82,1,0
BRDA:781,82,2,0
BRDA:781,82,3,0
BRDA:781,82,4,0
BRDA:807,83,0,0
BRDA:821,84,0,0
BRDA:821,84,1,0
BRDA:821,84,2,0
BRDA:822,85,0,0
BRDA:822,85,1,0
BRDA:822,86,0,0
BRDA:822,86,1,0
BRF:145
BRH:0
end_of_record
TN:
SF:src/Move/MoveKinds/BearOff/index.ts
FN:15,isABearOff
FN:21,(anonymous_1)
FN:29,(anonymous_2)
FN:31,(anonymous_3)
FN:49,(anonymous_4)
FN:51,(anonymous_5)
FN:68,bearOff
FN:95,(anonymous_7)
FN:102,(anonymous_8)
FN:104,(anonymous_9)
FN:127,(anonymous_10)
FN:130,(anonymous_11)
FNF:12
FNH:0
FNDA:0,isABearOff
FNDA:0,(anonymous_1)
FNDA:0,(anonymous_2)
FNDA:0,(anonymous_3)
FNDA:0,(anonymous_4)
FNDA:0,(anonymous_5)
FNDA:0,bearOff
FNDA:0,(anonymous_7)
FNDA:0,(anonymous_8)
FNDA:0,(anonymous_9)
FNDA:0,(anonymous_10)
FNDA:0,(anonymous_11)
DA:11,1
DA:12,1
DA:14,1
DA:15,1
DA:20,0
DA:21,0
DA:23,0
DA:24,0
DA:28,0
DA:29,0
DA:30,0
DA:31,0
DA:32,0
DA:33,0
DA:35,0
DA:36,0
DA:37,0
DA:43,0
DA:44,0
DA:48,0
DA:49,0
DA:50,0
DA:51,0
DA:52,0
DA:53,0
DA:58,0
DA:59,0
DA:62,0
DA:68,1
DA:72,0
DA:76,0
DA:77,0
DA:80,0
DA:81,0
DA:85,0
DA:86,0
DA:87,0
DA:89,0
DA:90,0
DA:94,0
DA:95,0
DA:96,0
DA:100,0
DA:102,0
DA:105,0
DA:106,0
DA:108,0
DA:111,0
DA:112,0
DA:119,0
DA:120,0
DA:122,0
DA:125,0
DA:126,0
DA:128,0
DA:130,0
DA:132,0
DA:133,0
DA:143,0
DA:151,0
DA:152,0
DA:153,0
DA:155,0
LF:63
LH:5
BRDA:23,0,0,0
BRDA:30,1,0,0
BRDA:32,2,0,0
BRDA:35,3,0,0
BRDA:35,3,1,0
BRDA:36,4,0,0
BRDA:43,5,0,0
BRDA:50,6,0,0
BRDA:52,7,0,0
BRDA:58,8,0,0
BRDA:80,9,0,0
BRDA:86,10,0,0
BRDA:86,11,0,0
BRDA:86,11,1,0
BRDA:89,12,0,0
BRDA:95,13,0,0
BRDA:102,14,0,0
BRDA:102,14,1,0
BRDA:105,15,0,0
BRDA:105,16,0,0
BRDA:105,16,1,0
BRDA:111,17,0,0
BRDA:111,18,0,0
BRDA:111,18,1,0
BRDA:119,19,0,0
BRDA:125,20,0,0
BRDA:128,21,0,0
BRDA:128,21,1,0
BRDA:132,22,0,0
BRDA:153,23,0,0
BRF:30
BRH:0
end_of_record
TN:
SF:src/Move/MoveKinds/PointToPoint/index.ts
FN:12,isAPointToPoint
FN:35,(anonymous_1)
FN:47,(anonymous_2)
FN:55,pointToPoint
FN:111,(anonymous_4)
FNF:5
FNH:0
FNDA:0,isAPointToPoint
FNDA:0,(anonymous_1)
FNDA:0,(anonymous_2)
FNDA:0,pointToPoint
FNDA:0,(anonymous_4)
DA:9,1
DA:11,1
DA:12,1
DA:15,0
DA:16,0
DA:17,0
DA:19,0
DA:20,0
DA:22,0
DA:23,0
DA:25,0
DA:26,0
DA:28,0
DA:35,1
DA:39,0
DA:40,0
DA:41,0
DA:42,0
DA:45,0
DA:46,0
DA:47,0
DA:49,0
DA:50,0
DA:52,0
DA:55,1
DA:59,0
DA:60,0
DA:62,0
DA:63,0
DA:67,0
DA:70,0
DA:71,0
DA:72,0
DA:76,0
DA:81,0
DA:96,0
DA:99,0
DA:102,0
DA:110,0
DA:111,0
DA:113,0
DA:114,0
DA:118,0
LF:43
LH:5
BRDA:16,0,0,0
BRDA:16,1,0,0
BRDA:16,1,1,0
BRDA:16,1,2,0
BRDA:19,2,0,0
BRDA:22,3,0,0
BRDA:25,4,0,0
BRDA:49,5,0,0
BRDA:59,6,0,0
BRDA:62,7,0,0
BRDA:71,8,0,0
BRDA:76,9,0,0
BRDA:77,10,0,0
BRDA:77,10,1,0
BRDA:96,11,0,0
BRDA:96,11,1,0
BRDA:113,12,0,0
BRF:17
BRH:0
end_of_record
TN:
SF:src/Move/MoveKinds/Reenter/index.ts
FN:14,isAReenterMove
FN:29,(anonymous_1)
FN:45,(anonymous_2)
FN:64,move
FN:105,(anonymous_4)
FNF:5
FNH:0
FNDA:0,isAReenterMove
FNDA:0,(anonymous_1)
FNDA:0,(anonymous_2)
FNDA:0,move
FNDA:0,(anonymous_4)
DA:11,1
DA:13,1
DA:14,1
DA:17,0
DA:18,0
DA:19,0
DA:20,0
DA:22,0
DA:29,1
DA:33,0
DA:34,0
DA:40,0
DA:45,0
DA:47,0
DA:51,0
DA:54,0
DA:57,0
DA:58,0
DA:61,0
DA:64,1
DA:68,0
DA:69,0
DA:71,0
DA:72,0
DA:76,0
DA:77,0
DA:80,0
DA:81,0
DA:82,0
DA:85,0
DA:89,0
DA:93,0
DA:96,0
DA:104,0
DA:105,0
DA:107,0
DA:108,0
DA:112,0
LF:38
LH:5
BRDA:18,0,0,0
BRDA:18,1,0,0
BRDA:18,1,1,0
BRDA:19,2,0,0
BRDA:20,3,0,0
BRDA:40,4,0,0
BRDA:40,4,1,0
BRDA:51,5,0,0
BRDA:51,5,1,0
BRDA:51,5,2,0
BRDA:54,6,0,0
BRDA:54,6,1,0
BRDA:57,7,0,0
BRDA:68,8,0,0
BRDA:71,9,0,0
BRDA:76,10,0,0
BRDA:89,11,0,0
BRDA:89,11,1,0
BRDA:107,12,0,0
BRF:19
BRH:0
end_of_record
TN:
SF:src/Play/index.ts
FN:25,isAllowedMoveKind
FN:31,(anonymous_5)
FN:42,move
FN:52,(anonymous_7)
FN:85,(anonymous_8)
FN:94,(anonymous_9)
FN:132,(anonymous_10)
FN:179,(anonymous_11)
FN:184,(anonymous_12)
FN:202,initialize
FN:215,(anonymous_14)
FN:267,(anonymous_15)
FN:280,(anonymous_16)
FN:289,(anonymous_17)
FN:347,startMove
FNF:15
FNH:0
FNDA:0,isAllowedMoveKind
FNDA:0,(anonymous_5)
FNDA:0,move
FNDA:0,(anonymous_7)
FNDA:0,(anonymous_8)
FNDA:0,(anonymous_9)
FNDA:0,(anonymous_10)
FNDA:0,(anonymous_11)
FNDA:0,(anonymous_12)
FNDA:0,initialize
FNDA:0,(anonymous_14)
FNDA:0,(anonymous_15)
FNDA:0,(anonymous_16)
FNDA:0,(anonymous_17)
FNDA:0,startMove
DA:18,1
DA:19,1
DA:20,1
DA:21,1
DA:23,1
DA:26,0
DA:31,1
DA:32,0
DA:35,0
DA:42,1
DA:47,0
DA:52,0
DA:53,0
DA:54,0
DA:55,0
DA:66,0
DA:74,0
DA:77,0
DA:84,0
DA:85,0
DA:88,0
DA:89,0
DA:94,0
DA:96,0
DA:107,0
DA:115,0
DA:126,0
DA:128,0
DA:131,0
DA:132,0
DA:133,0
DA:135,0
DA:149,0
DA:155,0
DA:162,0
DA:178,0
DA:179,0
DA:184,0
DA:185,0
DA:188,0
DA:190,0
DA:193,0
DA:195,0
DA:202,1
DA:206,0
DA:207,0
DA:211,0
DA:214,0
DA:215,0
DA:218,0
DA:219,0
DA:220,0
DA:223,0
DA:225,0
DA:226,0
DA:228,0
DA:230,0
DA:231,0
DA:233,0
DA:242,0
DA:245,0
DA:258,0
DA:260,0
DA:263,0
DA:266,0
DA:267,0
DA:269,0
DA:270,0
DA:275,0
DA:277,0
DA:280,0
DA:281,0
DA:282,0
DA:286,0
DA:287,0
DA:288,0
DA:289,0
DA:293,0
DA:297,0
DA:300,0
DA:302,0
DA:305,0
DA:310,0
DA:311,0
DA:313,0
DA:324,0
DA:338,0
DA:347,1
DA:350,0
DA:357,0
LF:90
LH:9
BRDA:53,0,0,0
BRDA:88,1,0,0
BRDA:126,2,0,0
BRDA:167,3,0,0
BRDA:167,3,1,0
BRDA:185,4,0,0
BRDA:211,5,0,0
BRDA:211,5,1,0
BRDA:219,6,0,0
BRDA:219,6,1,0
BRDA:228,7,0,0
BRDA:228,7,1,0
BRDA:231,8,0,0
BRDA:231,8,1,0
BRDA:260,9,0,0
BRDA:260,9,1,0
BRDA:269,10,0,0
BRDA:277,11,0,0
BRDA:277,12,0,0
BRDA:277,12,1,0
BRDA:282,13,0,0
BRDA:282,13,1,0
BRDA:286,14,0,0
BRDA:300,15,0,0
BRDA:300,15,1,0
BRDA:311,16,0,0
BRDA:311,16,1,0
BRF:27
BRH:0
end_of_record
TN:
SF:src/Player/index.ts
FN:32,(anonymous_11)
FN:38,initializePlayer
FN:158,roll
FN:173,move
FN:196,getHomeBoard
FN:203,(anonymous_16)
FN:210,getOpponentBoard
FN:216,(anonymous_18)
FN:223,toMoving
FN:241,getBestMove
FN:248,(anonymous_22)
FNF:11
FNH:1
FNDA:0,(anonymous_11)
FNDA:10,initializePlayer
FNDA:0,roll
FNDA:0,move
FNDA:0,getHomeBoard
FNDA:0,(anonymous_16)
FNDA:0,getOpponentBoard
FNDA:0,(anonymous_18)
FNDA:0,toMoving
FNDA:0,getBestMove
FNDA:0,(anonymous_22)
DA:23,1
DA:24,1
DA:25,1
DA:32,1
DA:33,0
DA:34,0
DA:36,0
DA:38,1
DA:47,10
DA:49,10
DA:51,9
DA:62,0
DA:75,1
DA:76,1
DA:88,0
DA:99,0
DA:100,0
DA:111,0
DA:122,0
DA:133,0
DA:144,0
DA:155,0
DA:158,1
DA:161,0
DA:165,0
DA:166,0
DA:173,1
DA:178,0
DA:179,0
DA:180,0
DA:182,0
DA:183,0
DA:184,0
DA:186,0
DA:187,0
DA:188,0
DA:190,0
DA:193,0
DA:196,1
DA:202,0
DA:204,0
DA:210,1
DA:215,0
DA:217,0
DA:223,1
DA:226,0
DA:241,1
DA:246,0
DA:247,0
DA:248,0
DA:250,0
DA:252,0
LF:52
LH:16
BRDA:41,0,0,8
BRDA:42,1,0,6
BRDA:43,2,0,0
BRDA:47,3,0,10
BRDA:47,3,1,6
BRDA:49,4,0,9
BRDA:49,4,1,0
BRDA:49,4,2,1
BRDA:49,4,3,0
BRDA:49,4,4,0
BRDA:49,4,5,0
BRDA:49,4,6,0
BRDA:49,4,7,0
BRDA:49,4,8,0
BRDA:57,5,0,9
BRDA:57,5,1,0
BRDA:68,6,0,0
BRDA:68,6,1,0
BRDA:75,7,0,1
BRDA:75,7,1,0
BRDA:180,8,0,0
BRDA:180,8,1,0
BRDA:180,8,2,0
BRDA:204,9,0,0
BRDA:204,9,1,0
BRDA:204,9,2,0
BRDA:217,10,0,0
BRDA:217,10,1,0
BRDA:217,10,2,0
BRDA:246,11,0,0
BRDA:246,12,0,0
BRDA:246,12,1,0
BRDA:250,13,0,0
BRF:33
BRH:8
end_of_record
TN:
SF:src/Robot/index.ts
FN:584,(anonymous_7)
FN:591,(anonymous_8)
FN:598,(anonymous_9)
FN:605,(anonymous_10)
FN:23,(anonymous_11)
FN:36,makeOptimalMove
FN:37,(anonymous_13)
FN:68,(anonymous_14)
FN:121,rollForStart
FN:143,rollDice
FN:166,makeAIMove
FN:253,(anonymous_21)
FN:294,(anonymous_22)
FN:297,(anonymous_23)
FN:318,(anonymous_24)
FN:359,(anonymous_25)
FN:366,(anonymous_26)
FN:374,(anonymous_27)
FN:414,(anonymous_28)
FN:449,(anonymous_29)
FN:459,(anonymous_30)
FN:536,executeMove
FN:551,(anonymous_33)
FN:551,(anonymous_34)
FN:616,selectMoveByDifficulty
FN:642,selectIntermediateMove
FN:650,(anonymous_37)
FN:706,(anonymous_38)
FN:713,selectAdvancedMove
FN:721,(anonymous_40)
FN:780,(anonymous_41)
FN:807,(anonymous_42)
FN:817,findCheckerForMove
FN:847,(anonymous_44)
FN:851,(anonymous_45)
FN:865,(anonymous_46)
FN:892,findOptimalChecker
FN:943,(anonymous_48)
FN:947,(anonymous_49)
FN:958,(anonymous_50)
FN:965,(anonymous_51)
FN:979,(anonymous_52)
FN:991,(anonymous_53)
FN:996,(anonymous_54)
FN:997,(anonymous_55)
FN:1000,(anonymous_56)
FN:1019,(anonymous_57)
FN:1066,(anonymous_59)
FN:1086,(anonymous_60)
FN:1096,(anonymous_61)
FN:1099,(anonymous_62)
FNF:51
FNH:1
FNDA:0,(anonymous_7)
FNDA:0,(anonymous_8)
FNDA:0,(anonymous_9)
FNDA:0,(anonymous_10)
FNDA:1,(anonymous_11)
FNDA:0,makeOptimalMove
FNDA:0,(anonymous_13)
FNDA:0,(anonymous_14)
FNDA:0,rollForStart
FNDA:0,rollDice
FNDA:0,makeAIMove
FNDA:0,(anonymous_21)
FNDA:0,(anonymous_22)
FNDA:0,(anonymous_23)
FNDA:0,(anonymous_24)
FNDA:0,(anonymous_25)
FNDA:0,(anonymous_26)
FNDA:0,(anonymous_27)
FNDA:0,(anonymous_28)
FNDA:0,(anonymous_29)
FNDA:0,(anonymous_30)
FNDA:0,executeMove
FNDA:0,(anonymous_33)
FNDA:0,(anonymous_34)
FNDA:0,selectMoveByDifficulty
FNDA:0,selectIntermediateMove
FNDA:0,(anonymous_37)
FNDA:0,(anonymous_38)
FNDA:0,selectAdvancedMove
FNDA:0,(anonymous_40)
FNDA:0,(anonymous_41)
FNDA:0,(anonymous_42)
FNDA:0,findCheckerForMove
FNDA:0,(anonymous_44)
FNDA:0,(anonymous_45)
FNDA:0,(anonymous_46)
FNDA:0,findOptimalChecker
FNDA:0,(anonymous_48)
FNDA:0,(anonymous_49)
FNDA:0,(anonymous_50)
FNDA:0,(anonymous_51)
FNDA:0,(anonymous_52)
FNDA:0,(anonymous_53)
FNDA:0,(anonymous_54)
FNDA:0,(anonymous_55)
FNDA:0,(anonymous_56)
FNDA:0,(anonymous_57)
FNDA:0,(anonymous_59)
FNDA:0,(anonymous_60)
FNDA:0,(anonymous_61)
FNDA:0,(anonymous_62)
DA:2,1
DA:4,1
DA:5,1
DA:6,1
DA:7,1
DA:8,1
DA:19,1
DA:20,1
DA:23,1
DA:24,1
DA:25,1
DA:36,1
DA:37,0
DA:41,0
DA:43,0
DA:44,0
DA:50,0
DA:51,0
DA:57,0
DA:58,0
DA:65,0
DA:68,0
DA:69,0
DA:70,0
DA:75,0
DA:80,0
DA:81,0
DA:82,0
DA:87,0
DA:93,0
DA:94,0
DA:95,0
DA:100,0
DA:103,0
DA:109,0
DA:110,0
DA:111,0
DA:121,1
DA:124,0
DA:125,0
DA:126,0
DA:132,0
DA:143,1
DA:146,0
DA:147,0
DA:148,0
DA:156,0
DA:166,1
DA:171,0
DA:173,0
DA:174,0
DA:180,0
DA:181,0
DA:188,0
DA:189,0
DA:196,0
DA:197,0
DA:199,0
DA:201,0
DA:202,0
DA:204,0
DA:205,0
DA:208,0
DA:209,0
DA:215,0
DA:216,0
DA:222,0
DA:225,0
DA:232,0
DA:243,0
DA:245,0
DA:253,0
DA:257,0
DA:263,0
DA:266,0
DA:267,0
DA:276,0
DA:277,0
DA:278,0
DA:279,0
DA:285,0
DA:288,0
DA:289,0
DA:291,0
DA:293,0
DA:294,0
DA:296,0
DA:297,0
DA:300,0
DA:305,0
DA:308,0
DA:312,0
DA:318,0
DA:319,0
DA:322,0
DA:332,0
DA:333,0
DA:340,0
DA:344,0
DA:355,0
DA:359,0
DA:360,0
DA:361,0
DA:365,0
DA:366,0
DA:369,0
DA:370,0
DA:374,0
DA:379,0
DA:381,0
DA:385,0
DA:389,0
DA:396,0
DA:397,0
DA:402,0
DA:411,0
DA:414,0
DA:417,0
DA:423,0
DA:432,0
DA:433,0
DA:441,0
DA:445,0
DA:448,0
DA:449,0
DA:452,0
DA:453,0
DA:459,0
DA:464,0
DA:472,0
DA:473,0
DA:483,0
DA:490,0
DA:498,0
DA:503,0
DA:507,0
DA:515,0
DA:524,0
DA:525,0
DA:526,0
DA:536,1
DA:540,0
DA:542,0
DA:543,0
DA:544,0
DA:551,0
DA:552,0
DA:558,0
DA:559,0
DA:566,0
DA:568,0
DA:574,0
DA:585,0
DA:592,0
DA:599,0
DA:606,0
DA:616,1
DA:621,0
DA:624,0
DA:628,0
DA:632,0
DA:635,0
DA:642,1
DA:646,0
DA:647,0
DA:650,0
DA:651,0
DA:654,0
DA:659,0
DA:664,0
DA:665,0
DA:667,0
DA:671,0
DA:672,0
DA:676,0
DA:677,0
DA:681,0
DA:685,0
DA:690,0
DA:691,0
DA:692,0
DA:697,0
DA:698,0
DA:699,0
DA:702,0
DA:706,0
DA:707,0
DA:713,1
DA:717,0
DA:718,0
DA:721,0
DA:722,0
DA:725,0
DA:730,0
DA:736,0
DA:739,0
DA:742,0
DA:743,0
DA:747,0
DA:750,0
DA:751,0
DA:755,0
DA:759,0
DA:763,0
DA:767,0
DA:772,0
DA:773,0
DA:774,0
DA:779,0
DA:780,0
DA:782,0
DA:783,0
DA:788,0
DA:789,0
DA:793,0
DA:798,0
DA:799,0
DA:800,0
DA:803,0
DA:807,0
DA:808,0
DA:817,1
DA:821,0
DA:822,0
DA:823,0
DA:824,0
DA:825,0
DA:829,0
DA:830,0
DA:831,0
DA:835,0
DA:836,0
DA:837,0
DA:840,0
DA:844,0
DA:846,0
DA:847,0
DA:849,0
DA:850,0
DA:851,0
DA:853,0
DA:854,0
DA:857,0
DA:860,0
DA:862,0
DA:863,0
DA:864,0
DA:865,0
DA:867,0
DA:868,0
DA:871,0
DA:876,0
DA:879,0
DA:881,0
DA:882,0
DA:892,1
DA:896,0
DA:897,0
DA:898,0
DA:899,0
DA:900,0
DA:904,0
DA:905,0
DA:906,0
DA:910,0
DA:911,0
DA:914,0
DA:918,0
DA:919,0
DA:922,0
DA:926,0
DA:938,0
DA:940,0
DA:942,0
DA:943,0
DA:944,0
DA:946,0
DA:947,0
DA:952,0
DA:958,0
DA:962,0
DA:964,0
DA:965,0
DA:968,0
DA:969,0
DA:972,0
DA:974,0
DA:977,0
DA:979,0
DA:983,0
DA:989,0
DA:991,0
DA:993,0
DA:996,0
DA:997,0
DA:1000,0
DA:1006,0
DA:1011,0
DA:1012,0
DA:1013,0
DA:1016,0
DA:1017,0
DA:1018,0
DA:1019,0
DA:1021,0
DA:1022,0
DA:1027,0
DA:1029,0
DA:1030,0
DA:1031,0
DA:1032,0
DA:1040,1
DA:1043,0
DA:1048,0
DA:1049,0
DA:1050,0
DA:1053,0
DA:1058,0
DA:1065,0
DA:1066,0
DA:1067,0
DA:1068,0
DA:1079,0
DA:1083,0
DA:1086,0
DA:1087,0
DA:1088,0
DA:1090,0
DA:1095,0
DA:1096,0
DA:1098,0
DA:1099,0
DA:1102,0
DA:1105,0
DA:1113,0
DA:1119,0
DA:1125,0
DA:1126,0
DA:1128,0
DA:1129,0
DA:1132,0
DA:1133,0
DA:1134,0
DA:1137,0
DA:1138,0
DA:1139,0
DA:1143,0
DA:1147,0
DA:1148,0
DA:1149,0
DA:1157,0
DA:1161,0
DA:1164,0
DA:1170,0
DA:1183,0
DA:1187,0
DA:1192,0
LF:357
LH:22
BRDA:38,0,0,0
BRDA:43,1,0,0
BRDA:50,2,0,0
BRDA:57,3,0,0
BRDA:57,4,0,0
BRDA:57,4,1,0
BRDA:65,5,0,0
BRDA:65,5,1,0
BRDA:65,5,2,0
BRDA:65,5,3,0
BRDA:65,5,4,0
BRDA:65,5,5,0
BRDA:65,5,6,0
BRDA:69,6,0,0
BRDA:81,7,0,0
BRDA:81,8,0,0
BRDA:81,8,1,0
BRDA:81,9,0,0
BRDA:81,9,1,0
BRDA:94,10,0,0
BRDA:94,11,0,0
BRDA:94,11,1,0
BRDA:94,12,0,0
BRDA:94,12,1,0
BRDA:113,13,0,0
BRDA:113,13,1,0
BRDA:135,14,0,0
BRDA:135,14,1,0
BRDA:152,15,0,0
BRDA:152,15,1,0
BRDA:152,16,0,0
BRDA:152,16,1,0
BRDA:152,17,0,0
BRDA:152,17,1,0
BRDA:152,18,0,0
BRDA:152,18,1,0
BRDA:152,19,0,0
BRDA:152,19,1,0
BRDA:152,20,0,0
BRDA:152,20,1,0
BRDA:152,21,0,0
BRDA:152,21,1,0
BRDA:158,22,0,0
BRDA:158,22,1,0
BRDA:173,23,0,0
BRDA:180,24,0,0
BRDA:188,25,0,0
BRDA:188,26,0,0
BRDA:188,26,1,0
BRDA:197,27,0,0
BRDA:197,27,1,0
BRDA:202,28,0,0
BRDA:202,28,1,0
BRDA:205,29,0,0
BRDA:205,29,1,0
BRDA:208,30,0,0
BRDA:208,30,1,0
BRDA:208,31,0,0
BRDA:208,31,1,0
BRDA:234,32,0,0
BRDA:234,32,1,0
BRDA:234,33,0,0
BRDA:234,33,1,0
BRDA:235,34,0,0
BRDA:235,34,1,0
BRDA:235,35,0,0
BRDA:235,35,1,0
BRDA:236,36,0,0
BRDA:236,36,1,0
BRDA:236,37,0,0
BRDA:236,37,1,0
BRDA:238,38,0,0
BRDA:238,38,1,0
BRDA:238,39,0,0
BRDA:238,39,1,0
BRDA:238,40,0,0
BRDA:238,40,1,0
BRDA:248,41,0,0
BRDA:248,41,1,0
BRDA:248,42,0,0
BRDA:248,42,1,0
BRDA:248,43,0,0
BRDA:248,43,1,0
BRDA:249,44,0,0
BRDA:249,44,1,0
BRDA:249,45,0,0
BRDA:249,45,1,0
BRDA:249,46,0,0
BRDA:249,46,1,0
BRDA:249,47,0,0
BRDA:249,47,1,0
BRDA:249,48,0,0
BRDA:249,48,1,0
BRDA:249,49,0,0
BRDA:249,49,1,0
BRDA:251,50,0,0
BRDA:251,50,1,0
BRDA:251,51,0,0
BRDA:251,51,1,0
BRDA:251,52,0,0
BRDA:251,52,1,0
BRDA:251,53,0,0
BRDA:251,53,1,0
BRDA:251,54,0,0
BRDA:251,54,1,0
BRDA:251,55,0,0
BRDA:251,55,1,0
BRDA:252,56,0,0
BRDA:252,56,1,0
BRDA:252,57,0,0
BRDA:252,57,1,0
BRDA:253,58,0,0
BRDA:253,58,1,0
BRDA:253,59,0,0
BRDA:253,59,1,0
BRDA:257,60,0,0
BRDA:258,61,0,0
BRDA:258,61,1,0
BRDA:258,61,2,0
BRDA:266,62,0,0
BRDA:291,63,0,0
BRDA:291,63,1,0
BRDA:300,64,0,0
BRDA:301,65,0,0
BRDA:301,65,1,0
BRDA:301,65,2,0
BRDA:319,66,0,0
BRDA:319,66,1,0
BRDA:369,67,0,0
BRDA:383,68,0,0
BRDA:383,68,1,0
BRDA:396,69,0,0
BRDA:414,70,0,0
BRDA:414,70,1,0
BRDA:414,71,0,0
BRDA:414,71,1,0
BRDA:424,72,0,0
BRDA:424,72,1,0
BRDA:424,73,0,0
BRDA:424,73,1,0
BRDA:424,74,0,0
BRDA:424,74,1,0
BRDA:424,75,0,0
BRDA:424,75,1,0
BRDA:425,76,0,0
BRDA:425,76,1,0
BRDA:425,77,0,0
BRDA:425,77,1,0
BRDA:425,78,0,0
BRDA:425,78,1,0
BRDA:425,79,0,0
BRDA:425,79,1,0
BRDA:426,80,0,0
BRDA:426,80,1,0
BRDA:426,81,0,0
BRDA:426,81,1,0
BRDA:426,82,0,0
BRDA:426,82,1,0
BRDA:426,83,0,0
BRDA:426,83,1,0
BRDA:427,84,0,0
BRDA:427,84,1,0
BRDA:427,85,0,0
BRDA:427,85,1,0
BRDA:427,86,0,0
BRDA:427,86,1,0
BRDA:427,87,0,0
BRDA:427,87,1,0
BRDA:428,88,0,0
BRDA:428,88,1,0
BRDA:428,89,0,0
BRDA:428,89,1,0
BRDA:432,90,0,0
BRDA:452,91,0,0
BRDA:498,92,0,0
BRDA:499,93,0,0
BRDA:499,93,1,0
BRDA:499,93,2,0
BRDA:518,94,0,0
BRDA:518,94,1,0
BRDA:528,95,0,0
BRDA:528,95,1,0
BRDA:543,96,0,0
BRDA:558,97,0,0
BRDA:561,98,0,0
BRDA:561,98,1,0
BRDA:576,99,0,0
BRDA:576,99,1,0
BRDA:621,100,0,0
BRDA:621,100,1,0
BRDA:621,100,2,0
BRDA:621,100,3,0
BRDA:647,101,0,0
BRDA:654,102,0,0
BRDA:654,102,1,0
BRDA:659,103,0,0
BRDA:659,103,1,0
BRDA:664,104,0,0
BRDA:664,104,1,0
BRDA:671,105,0,0
BRDA:676,106,0,0
BRDA:676,107,0,0
BRDA:676,107,1,0
BRDA:676,108,0,0
BRDA:676,108,1,0
BRDA:681,109,0,0
BRDA:682,110,0,0
BRDA:682,110,1,0
BRDA:682,111,0,0
BRDA:682,111,1,0
BRDA:682,112,0,0
BRDA:682,112,1,0
BRDA:690,113,0,0
BRDA:690,113,1,0
BRDA:691,114,0,0
BRDA:697,115,0,0
BRDA:697,115,1,0
BRDA:698,116,0,0
BRDA:718,117,0,0
BRDA:725,118,0,0
BRDA:725,118,1,0
BRDA:730,119,0,0
BRDA:730,119,1,0
BRDA:736,120,0,0
BRDA:736,120,1,0
BRDA:742,121,0,0
BRDA:747,122,0,0
BRDA:747,123,0,0
BRDA:747,123,1,0
BRDA:747,124,0,0
BRDA:747,124,1,0
BRDA:750,125,0,0
BRDA:750,125,1,0
BRDA:751,126,0,0
BRDA:751,126,1,0
BRDA:755,127,0,0
BRDA:756,128,0,0
BRDA:756,128,1,0
BRDA:756,129,0,0
BRDA:756,129,1,0
BRDA:756,130,0,0
BRDA:756,130,1,0
BRDA:763,131,0,0
BRDA:764,132,0,0
BRDA:764,132,1,0
BRDA:764,133,0,0
BRDA:764,133,1,0
BRDA:764,134,0,0
BRDA:764,134,1,0
BRDA:772,135,0,0
BRDA:772,135,1,0
BRDA:773,136,0,0
BRDA:779,137,0,0
BRDA:779,137,1,0
BRDA:779,138,0,0
BRDA:779,138,1,0
BRDA:779,139,0,0
BRDA:779,139,1,0
BRDA:782,140,0,0
BRDA:782,141,0,0
BRDA:782,141,1,0
BRDA:782,142,0,0
BRDA:782,142,1,0
BRDA:782,143,0,0
BRDA:782,143,1,0
BRDA:788,144,0,0
BRDA:788,144,1,0
BRDA:789,145,0,0
BRDA:790,146,0,0
BRDA:790,146,1,0
BRDA:790,146,2,0
BRDA:798,147,0,0
BRDA:798,147,1,0
BRDA:799,148,0,0
BRDA:799,149,0,0
BRDA:799,149,1,0
BRDA:799,150,0,0
BRDA:799,150,1,0
BRDA:799,151,0,0
BRDA:799,151,1,0
BRDA:823,152,0,0
BRDA:829,153,0,0
BRDA:836,154,0,0
BRDA:844,155,0,0
BRDA:844,155,1,0
BRDA:849,156,0,0
BRDA:849,157,0,0
BRDA:849,157,1,0
BRDA:853,158,0,0
BRDA:860,159,0,0
BRDA:863,160,0,0
BRDA:863,161,0,0
BRDA:863,161,1,0
BRDA:867,162,0,0
BRDA:898,163,0,0
BRDA:904,164,0,0
BRDA:910,165,0,0
BRDA:918,166,0,0
BRDA:918,167,0,0
BRDA:918,167,1,0
BRDA:929,168,0,0
BRDA:929,168,1,0
BRDA:929,169,0,0
BRDA:929,169,1,0
BRDA:930,170,0,0
BRDA:930,170,1,0
BRDA:930,171,0,0
BRDA:930,171,1,0
BRDA:931,172,0,0
BRDA:931,172,1,0
BRDA:931,173,0,0
BRDA:931,173,1,0
BRDA:940,174,0,0
BRDA:940,174,1,0
BRDA:944,175,0,0
BRDA:944,176,0,0
BRDA:944,176,1,0
BRDA:954,177,0,0
BRDA:954,177,1,0
BRDA:954,178,0,0
BRDA:954,178,1,0
BRDA:955,179,0,0
BRDA:955,179,1,0
BRDA:955,180,0,0
BRDA:955,180,1,0
BRDA:956,181,0,0
BRDA:956,181,1,0
BRDA:956,182,0,0
BRDA:956,182,1,0
BRDA:956,183,0,0
BRDA:956,183,1,0
BRDA:956,184,0,0
BRDA:956,184,1,0
BRDA:956,185,0,0
BRDA:956,185,1,0
BRDA:958,186,0,0
BRDA:958,186,1,0
BRDA:958,187,0,0
BRDA:958,187,1,0
BRDA:958,188,0,0
BRDA:958,188,1,0
BRDA:958,189,0,0
BRDA:958,189,1,0
BRDA:958,190,0,0
BRDA:958,190,1,0
BRDA:959,191,0,0
BRDA:959,191,1,0
BRDA:959,192,0,0
BRDA:959,192,1,0
BRDA:962,193,0,0
BRDA:962,193,1,0
BRDA:962,194,0,0
BRDA:962,194,1,0
BRDA:968,195,0,0
BRDA:968,195,1,0
BRDA:1006,196,0,0
BRDA:1007,197,0,0
BRDA:1007,197,1,0
BRDA:1007,197,2,0
BRDA:1011,198,0,0
BRDA:1017,199,0,0
BRDA:1017,200,0,0
BRDA:1017,200,1,0
BRDA:1021,201,0,0
BRDA:1049,202,0,0
BRDA:1049,203,0,0
BRDA:1049,203,1,0
BRDA:1067,204,0,0
BRDA:1083,205,0,0
BRDA:1083,205,1,0
BRDA:1087,206,0,0
BRDA:1087,206,1,0
BRDA:1128,207,0,0
BRDA:1128,207,1,0
BRDA:1133,208,0,0
BRDA:1133,208,1,0
BRDA:1138,209,0,0
BRDA:1147,210,0,0
BRDA:1147,211,0,0
BRDA:1147,211,1,0
BRF:380
BRH:0
end_of_record
TN:
SF:src/events/GameEventEmitter.ts
FN:2,(anonymous_0)
FN:3,(anonymous_1)
FN:4,(anonymous_2)
FNF:3
FNH:0
FNDA:0,(anonymous_0)
FNDA:0,(anonymous_1)
FNDA:0,(anonymous_2)
DA:1,1
DA:2,0
DA:3,0
DA:4,0
LF:4
LH:1
BRF:0
BRH:0
end_of_record
TN:
SF:src/utils/logger.ts
FN:27,(anonymous_0)
FN:33,(anonymous_1)
FN:43,(anonymous_2)
FN:98,(anonymous_3)
FN:117,(anonymous_4)
FN:123,(anonymous_5)
FN:129,(anonymous_6)
FN:135,(anonymous_7)
FN:141,(anonymous_8)
FN:145,(anonymous_9)
FN:149,(anonymous_10)
FN:153,(anonymous_11)
FN:168,(anonymous_12)
FN:170,(anonymous_13)
FN:172,(anonymous_14)
FN:174,(anonymous_15)
FN:178,(anonymous_16)
FN:179,(anonymous_17)
FN:181,(anonymous_18)
FN:183,(anonymous_19)
FNF:20
FNH:1
FNDA:1,(anonymous_0)
FNDA:0,(anonymous_1)
FNDA:0,(anonymous_2)
FNDA:0,(anonymous_3)
FNDA:0,(anonymous_4)
FNDA:0,(anonymous_5)
FNDA:0,(anonymous_6)
FNDA:0,(anonymous_7)
FNDA:0,(anonymous_8)
FNDA:0,(anonymous_9)
FNDA:0,(anonymous_10)
FNDA:0,(anonymous_11)
FNDA:0,(anonymous_12)
FNDA:0,(anonymous_13)
FNDA:0,(anonymous_14)
FNDA:0,(anonymous_15)
FNDA:0,(anonymous_16)
FNDA:0,(anonymous_17)
FNDA:0,(anonymous_18)
FNDA:0,(anonymous_19)
DA:25,1
DA:28,1
DA:29,1
DA:30,1
DA:34,0
DA:40,0
DA:44,0
DA:46,0
DA:47,0
DA:48,0
DA:51,0
DA:54,0
DA:55,0
DA:56,0
DA:57,0
DA:58,0
DA:60,0
DA:61,0
DA:62,0
DA:66,0
DA:69,0
DA:70,0
DA:71,0
DA:81,0
DA:82,0
DA:83,0
DA:92,0
DA:94,0
DA:103,0
DA:104,0
DA:106,0
DA:110,0
DA:111,0
DA:114,0
DA:118,0
DA:119,0
DA:124,0
DA:125,0
DA:130,0
DA:131,0
DA:136,0
DA:137,0
DA:142,0
DA:146,0
DA:150,0
DA:154,0
DA:159,1
DA:162,1
DA:165,1
DA:168,1
DA:169,0
DA:170,1
DA:171,0
DA:172,1
DA:173,0
DA:174,1
DA:175,0
DA:178,1
DA:179,1
DA:180,0
DA:181,1
DA:182,0
DA:183,1
LF:63
LH:15
BRDA:27,0,0,1
BRDA:28,1,0,1
BRDA:28,1,1,1
BRDA:44,2,0,0
BRDA:48,3,0,0
BRDA:57,4,0,0
BRDA:57,5,0,0
BRDA:57,5,1,0
BRDA:60,6,0,0
BRDA:60,7,0,0
BRDA:60,7,1,0
BRDA:66,8,0,0
BRDA:70,9,0,0
BRDA:73,10,0,0
BRDA:73,10,1,0
BRDA:82,11,0,0
BRDA:85,12,0,0
BRDA:85,12,1,0
BRDA:110,13,0,0
BRDA:118,14,0,0
BRDA:118,15,0,0
BRDA:118,15,1,0
BRDA:124,16,0,0
BRDA:124,17,0,0
BRDA:124,17,1,0
BRDA:130,18,0,0
BRDA:130,19,0,0
BRDA:130,19,1,0
BRDA:136,20,0,0
BRDA:136,21,0,0
BRDA:136,21,1,0
BRF:31
BRH:3
end_of_record
TN:
SF:src/utils/serialization.ts
FN:7,serializeGameState
FN:8,(anonymous_1)
FN:21,deserializeGameState
FN:32,reconstructSets
FN:61,ensureMovesAreSet
FN:80,ensureMovesAreArray
FNF:6
FNH:0
FNDA:0,serializeGameState
FNDA:0,(anonymous_1)
FNDA:0,deserializeGameState
FNDA:0,reconstructSets
FNDA:0,ensureMovesAreSet
FNDA:0,ensureMovesAreArray
DA:7,1
DA:8,0
DA:10,0
DA:11,0
DA:13,0
DA:21,1
DA:22,0
DA:25,0
DA:33,0
DA:34,0
DA:37,0
DA:38,0
DA:41,0
DA:42,0
DA:43,0
DA:45,0
DA:46,0
DA:48,0
DA:50,0
DA:54,0
DA:61,1
DA:62,0
DA:63,0
DA:66,0
DA:67,0
DA:73,0
DA:80,1
DA:81,0
DA:82,0
DA:85,0
DA:86,0
DA:92,0
LF:32
LH:4
BRDA:10,0,0,0
BRDA:33,1,0,0
BRDA:33,2,0,0
BRDA:33,2,1,0
BRDA:37,3,0,0
BRDA:43,4,0,0
BRDA:43,4,1,0
BRDA:43,5,0,0
BRDA:43,5,1,0
BRDA:46,6,0,0
BRDA:46,6,1,0
BRDA:46,7,0,0
BRDA:46,7,1,0
BRDA:62,8,0,0
BRDA:66,9,0,0
BRDA:66,10,0,0
BRDA:66,10,1,0
BRDA:81,11,0,0
BRDA:85,12,0,0
BRDA:85,13,0,0
BRDA:85,13,1,0
BRF:21
BRH:0
end_of_record
